Log file open, 04/12/22 15:10:04
LogWindows: Failed to load 'aqProf.dll' (GetLastError=126)
LogWindows: File 'aqProf.dll' does not exist
LogWindows: Failed to load 'VtuneApi.dll' (GetLastError=126)
LogWindows: File 'VtuneApi.dll' does not exist
LogWindows: Failed to load 'VtuneApi32e.dll' (GetLastError=126)
LogWindows: File 'VtuneApi32e.dll' does not exist
LogConsoleResponse: Display: Failed to find resolution value strings in scalability ini. Falling back to default.
LogConsoleResponse: Display: Failed to find resolution value strings in scalability ini. Falling back to default.
LogInit: Display: Running engine for game: MyProject8
LogPlatformFile: Not using cached read wrapper
LogTaskGraph: Started task graph with 5 named threads and 23 total threads with 3 sets of task threads.
LogStats: Stats thread started at 0.272406
LogICUInternationalization: ICU TimeZone Detection - Raw Offset: +10:00, Platform Override: ''
LogInit: Display: Loading text-based GConfig....
LogPluginManager: Mounting plugin MeshPainting
LogPluginManager: Mounting plugin XGEController
LogPluginManager: Mounting plugin AISupport
LogPluginManager: Mounting plugin Paper2D
LogPluginManager: Mounting plugin LightPropagationVolume
LogPluginManager: Mounting plugin EnvironmentQueryEditor
LogPluginManager: Mounting plugin LiveLink
LogPluginManager: Mounting plugin CameraShakePreviewer
LogPluginManager: Mounting plugin GameplayCameras
LogPluginManager: Mounting plugin AssetManagerEditor
LogPluginManager: Mounting plugin CurveEditorTools
LogPluginManager: Mounting plugin CryptoKeys
LogPluginManager: Mounting plugin DataValidation
LogPluginManager: Mounting plugin OodleData
LogPluginManager: Mounting plugin FacialAnimation
LogPluginManager: Mounting plugin GameplayTagsEditor
LogPluginManager: Mounting plugin GeometryMode
LogPluginManager: Mounting plugin OodleNetwork
LogPluginManager: Mounting plugin MacGraphicsSwitching
LogPluginManager: Mounting plugin MaterialAnalyzer
LogPluginManager: Mounting plugin MobileLauncherProfileWizard
LogPluginManager: Mounting plugin PluginBrowser
LogPluginManager: Mounting plugin SpeedTreeImporter
LogPluginManager: Mounting plugin DatasmithContent
LogPluginManager: Mounting plugin VariantManagerContent
LogPluginManager: Mounting plugin AnimationSharing
LogPluginManager: Mounting plugin CLionSourceCodeAccess
LogPluginManager: Mounting plugin GitSourceControl
LogPluginManager: Mounting plugin CodeLiteSourceCodeAccess
LogPluginManager: Mounting plugin KDevelopSourceCodeAccess
LogPluginManager: Mounting plugin NullSourceCodeAccess
LogPluginManager: Mounting plugin PerforceSourceControl
LogPluginManager: Mounting plugin PixWinPlugin
LogPluginManager: Mounting plugin PlasticSourceControl
LogPluginManager: Mounting plugin PropertyAccessNode
LogPluginManager: Mounting plugin PluginUtils
LogPluginManager: Mounting plugin RiderSourceCodeAccess
LogPluginManager: Mounting plugin TextureFormatOodle
LogPluginManager: Mounting plugin SubversionSourceControl
LogPluginManager: Mounting plugin UObjectPlugin
LogPluginManager: Mounting plugin VisualStudioCodeSourceCodeAccess
LogPluginManager: Mounting plugin VisualStudioSourceCodeAccess
LogPluginManager: Mounting plugin XCodeSourceCodeAccess
LogPluginManager: Mounting plugin Niagara
LogPluginManager: Mounting plugin AlembicImporter
LogPluginManager: Mounting plugin BackChannel
LogPluginManager: Mounting plugin AutomationUtils
LogPluginManager: Mounting plugin ChaosClothEditor
LogPluginManager: Mounting plugin ChaosCloth
LogPluginManager: Mounting plugin ChaosEditor
LogPluginManager: Mounting plugin ChaosNiagara
LogPluginManager: Mounting plugin ChaosSolverPlugin
LogPluginManager: Mounting plugin CharacterAI
LogPluginManager: Mounting plugin GeometryCache
LogPluginManager: Mounting plugin GeometryCollectionPlugin
LogPluginManager: Mounting plugin LuminPlatformFeatures
LogPluginManager: Mounting plugin MagicLeap
LogPluginManager: Mounting plugin AndroidMedia
LogPluginManager: Mounting plugin MagicLeapLightEstimation
LogPluginManager: Mounting plugin MagicLeapMedia
LogPluginManager: Mounting plugin GeometryProcessing
LogPluginManager: Mounting plugin MLSDK
LogPluginManager: Mounting plugin MagicLeapPassableWorld
LogPluginManager: Mounting plugin AvfMedia
LogPluginManager: Mounting plugin MotoSynth
LogPluginManager: Mounting plugin OpenImageDenoise
LogPluginManager: Mounting plugin PlanarCut
LogPluginManager: Mounting plugin PlatformCrypto
LogPluginManager: Mounting plugin ProxyLODPlugin
LogPluginManager: Mounting plugin PythonScriptPlugin
LogPluginManager: Mounting plugin ImgMedia
LogPluginManager: Mounting plugin MediaCompositing
LogPluginManager: Mounting plugin MediaPlayerEditor
LogPluginManager: Mounting plugin SkeletalReduction
LogPluginManager: Mounting plugin WebMMedia
LogPluginManager: Mounting plugin WmfMedia
LogPluginManager: Mounting plugin TcpMessaging
LogPluginManager: Mounting plugin UdpMessaging
LogPluginManager: Mounting plugin OnlineSubsystem
LogPluginManager: Mounting plugin OnlineSubsystemNull
LogPluginManager: Mounting plugin OnlineSubsystemUtils
LogPluginManager: Mounting plugin LauncherChunkInstaller
LogPluginManager: Mounting plugin ScreenshotTools
LogPluginManager: Mounting plugin Takes
LogPluginManager: Mounting plugin ActorLayerUtilities
LogPluginManager: Mounting plugin AndroidDeviceProfileSelector
LogPluginManager: Mounting plugin AndroidPermission
LogPluginManager: Mounting plugin AndroidMoviePlayer
LogPluginManager: Mounting plugin AppleImageUtils
LogPluginManager: Mounting plugin AppleMoviePlayer
LogPluginManager: Mounting plugin ArchVisCharacter
LogPluginManager: Mounting plugin AssetTags
LogPluginManager: Mounting plugin AudioSynesthesia
LogPluginManager: Mounting plugin AudioCapture
LogPluginManager: Mounting plugin CableComponent
LogPluginManager: Mounting plugin ChunkDownloader
LogPluginManager: Mounting plugin CustomMeshComponent
LogPluginManager: Mounting plugin EditableMesh
LogPluginManager: Mounting plugin ExampleDeviceProfileSelector
LogPluginManager: Mounting plugin GoogleCloudMessaging
LogPluginManager: Mounting plugin GooglePAD
LogPluginManager: Mounting plugin IOSDeviceProfileSelector
LogPluginManager: Mounting plugin LinuxDeviceProfileSelector
LogPluginManager: Mounting plugin LocationServicesBPLibrary
LogPluginManager: Mounting plugin MobilePatchingUtils
LogPluginManager: Mounting plugin OpenXR
LogPluginManager: Mounting plugin OpenXREyeTracker
LogPluginManager: Mounting plugin OpenXRHandTracking
LogPluginManager: Mounting plugin PhysXVehicles
LogPluginManager: Mounting plugin PostSplashScreen
LogPluginManager: Mounting plugin ProceduralMeshComponent
LogPluginManager: Mounting plugin PropertyAccessEditor
LogPluginManager: Mounting plugin RuntimePhysXCooking
LogPluginManager: Mounting plugin SignificanceManager
LogPluginManager: Mounting plugin SoundFields
LogPluginManager: Mounting plugin Synthesis
LogPluginManager: Mounting plugin WebMMoviePlayer
LogPluginManager: Mounting plugin WindowsMoviePlayer
LogPluginManager: Mounting plugin ActorSequence
LogPluginManager: Mounting plugin MatineeToLevelSequence
LogPluginManager: Mounting plugin LevelSequenceEditor
LogPluginManager: Mounting plugin TemplateSequence
LogPluginManager: Mounting plugin ContentBrowserClassDataSource
LogPluginManager: Mounting plugin ContentBrowserAssetDataSource
LogPluginManager: Mounting plugin ContentBrowserFileDataSource
LogPluginManager: Mounting plugin OnlineSubsystemGooglePlay
LogPluginManager: Mounting plugin OnlineSubsystemIOS
LogPluginManager: Mounting plugin OculusVR
LogPluginManager: Mounting plugin SteamVR
PixWinPlugin: PIX capture plugin failed to initialize! Check that the process is launched from PIX.
LogInit: Using libcurl 7.55.1-DEV
LogInit:  - built for x86_64-pc-win32
LogInit:  - supports SSL with OpenSSL/1.1.1
LogInit:  - supports HTTP deflate (compression) using libz 1.2.8
LogInit:  - other features:
LogInit:      CURL_VERSION_SSL
LogInit:      CURL_VERSION_LIBZ
LogInit:      CURL_VERSION_IPV6
LogInit:      CURL_VERSION_ASYNCHDNS
LogInit:      CURL_VERSION_LARGEFILE
LogInit:      CURL_VERSION_IDN
LogInit:  CurlRequestOptions (configurable via config and command line):
LogInit:  - bVerifyPeer = true  - Libcurl will verify peer certificate
LogInit:  - bUseHttpProxy = false  - Libcurl will NOT use HTTP proxy
LogInit:  - bDontReuseConnections = false  - Libcurl will reuse connections
LogInit:  - MaxHostConnections = 16  - Libcurl will limit the number of connections to a host
LogInit:  - LocalHostAddr = Default
LogInit:  - BufferSize = 65536
LogOnline: OSS: Creating online subsystem instance for: NULL
LogInit: WinSock: version 1.1 (2.2), MaxSocks=32767, MaxUdp=65467
LogOnline: OSS: TryLoadSubsystemAndSetDefault: Loaded subsystem for module [NULL]
LogOculusPluginWrapper: OculusPlugin initialized successfully
LogHMD: Failed initializing OVRPlugin 1.59.0
LogInit: Build: ++UE4+Release-4.27-CL-18319896
LogInit: Engine Version: 4.27.2-18319896+++UE4+Release-4.27
LogInit: Compatible Engine Version: 4.27.0-17155196+++UE4+Release-4.27
LogInit: Net CL: 17155196
LogInit: OS: Windows 10 (Release 2004) (), CPU: Intel(R) Core(TM) i7-6700 CPU @ 3.40GHz, GPU: NVIDIA GeForce GTX 980
LogInit: Compiled (64-bit): Nov 30 2021 07:12:08
LogInit: Compiled with Visual C++: 19.24.28315.00
LogInit: Build Configuration: Development
LogInit: Branch Name: ++UE4+Release-4.27
LogInit: Command Line: 
LogInit: Base Directory: C:/UE_4.27/Engine/Binaries/Win64/
LogInit: Allocator: TBB
LogInit: Installed Engine Build: 1
LogDevObjectVersion: Number of dev versions registered: 29
LogDevObjectVersion:   Dev-Blueprints (B0D832E4-1F89-4F0D-ACCF-7EB736FD4AA2): 10
LogDevObjectVersion:   Dev-Build (E1C64328-A22C-4D53-A36C-8E866417BD8C): 0
LogDevObjectVersion:   Dev-Core (375EC13C-06E4-48FB-B500-84F0262A717E): 4
LogDevObjectVersion:   Dev-Editor (E4B068ED-F494-42E9-A231-DA0B2E46BB41): 40
LogDevObjectVersion:   Dev-Framework (CFFC743F-43B0-4480-9391-14DF171D2073): 37
LogDevObjectVersion:   Dev-Mobile (B02B49B5-BB20-44E9-A304-32B752E40360): 3
LogDevObjectVersion:   Dev-Networking (A4E4105C-59A1-49B5-A7C5-40C4547EDFEE): 0
LogDevObjectVersion:   Dev-Online (39C831C9-5AE6-47DC-9A44-9C173E1C8E7C): 0
LogDevObjectVersion:   Dev-Physics (78F01B33-EBEA-4F98-B9B4-84EACCB95AA2): 14
LogDevObjectVersion:   Dev-Platform (6631380F-2D4D-43E0-8009-CF276956A95A): 0
LogDevObjectVersion:   Dev-Rendering (12F88B9F-8875-4AFC-A67C-D90C383ABD29): 45
LogDevObjectVersion:   Dev-Sequencer (7B5AE74C-D270-4C10-A958-57980B212A5A): 13
LogDevObjectVersion:   Dev-VR (D7296918-1DD6-4BDD-9DE2-64A83CC13884): 3
LogDevObjectVersion:   Dev-LoadTimes (C2A15278-BFE7-4AFE-6C17-90FF531DF755): 1
LogDevObjectVersion:   Private-Geometry (6EACA3D4-40EC-4CC1-B786-8BED09428FC5): 3
LogDevObjectVersion:   Dev-AnimPhys (29E575DD-E0A3-4627-9D10-D276232CDCEA): 17
LogDevObjectVersion:   Dev-Anim (AF43A65D-7FD3-4947-9873-3E8ED9C1BB05): 15
LogDevObjectVersion:   Dev-ReflectionCapture (6B266CEC-1EC7-4B8F-A30B-E4D90942FC07): 1
LogDevObjectVersion:   Dev-Automation (0DF73D61-A23F-47EA-B727-89E90C41499A): 1
LogDevObjectVersion:   FortniteMain (601D1886-AC64-4F84-AA16-D3DE0DEAC7D6): 47
LogDevObjectVersion:   FortniteRelease (E7086368-6B23-4C58-8439-1B7016265E91): 1
LogDevObjectVersion:   Dev-Enterprise (9DFFBCD6-494F-0158-E221-12823C92A888): 10
LogDevObjectVersion:   Dev-Niagara (F2AED0AC-9AFE-416F-8664-AA7FFA26D6FC): 1
LogDevObjectVersion:   Dev-Destruction (174F1F0B-B4C6-45A5-B13F-2EE8D0FB917D): 10
LogDevObjectVersion:   Dev-Physics-Ext (35F94A83-E258-406C-A318-09F59610247C): 41
LogDevObjectVersion:   Dev-PhysicsMaterial-Chaos (B68FC16E-8B1B-42E2-B453-215C058844FE): 1
LogDevObjectVersion:   Dev-CineCamera (B2E18506-4273-CFC2-A54E-F4BB758BBA07): 1
LogDevObjectVersion:   Dev-VirtualProduction (64F58936-FD1B-42BA-BA96-7289D5D0FA4E): 1
LogDevObjectVersion:   Dev-MediaFramework (6F0ED827-A609-4895-9C91-998D90180EA4): 2
LogInit: Presizing for max 25165824 objects, including 0 objects not considered by GC, pre-allocating 0 bytes for permanent pool.
LogConfig: Applying CVar settings from Section [/Script/Engine.StreamingSettings] File [C:/Users/crayos/Documents/GitHub/PaperWindMoreWind/MyProject8/Saved/Config/Windows/Engine.ini]
LogConfig: Setting CVar [[s.MinBulkDataSizeForAsyncLoading:131072]]
LogConfig: Setting CVar [[s.AsyncLoadingThreadEnabled:0]]
LogConfig: Setting CVar [[s.EventDrivenLoaderEnabled:1]]
LogConfig: Setting CVar [[s.WarnIfTimeLimitExceeded:0]]
LogConfig: Setting CVar [[s.TimeLimitExceededMultiplier:1.5]]
LogConfig: Setting CVar [[s.TimeLimitExceededMinTime:0.005]]
LogConfig: Setting CVar [[s.UseBackgroundLevelStreaming:1]]
LogConfig: Setting CVar [[s.PriorityAsyncLoadingExtraTime:15.0]]
LogConfig: Setting CVar [[s.LevelStreamingActorsUpdateTimeLimit:5.0]]
LogConfig: Setting CVar [[s.PriorityLevelStreamingActorsUpdateExtraTime:5.0]]
LogConfig: Setting CVar [[s.LevelStreamingComponentsRegistrationGranularity:10]]
LogConfig: Setting CVar [[s.UnregisterComponentsTimeLimit:1.0]]
LogConfig: Setting CVar [[s.LevelStreamingComponentsUnregistrationGranularity:5]]
LogConfig: Setting CVar [[s.FlushStreamingOnExit:1]]
LogInit: Object subsystem initialized
LogConfig: Setting CVar [[con.DebugEarlyDefault:1]]
LogConfig: Setting CVar [[r.setres:1280x720]]
[2022.04.12-05.10.05:625][  0]LogConfig: Setting CVar [[r.VSync:0]]
[2022.04.12-05.10.05:625][  0]LogConfig: Setting CVar [[r.RHICmdBypass:0]]
[2022.04.12-05.10.05:625][  0]LogConfig: Applying CVar settings from Section [/Script/Engine.RendererSettings] File [C:/Users/crayos/Documents/GitHub/PaperWindMoreWind/MyProject8/Saved/Config/Windows/Engine.ini]
[2022.04.12-05.10.05:625][  0]LogConfig: Setting CVar [[r.GPUCrashDebugging:0]]
[2022.04.12-05.10.05:625][  0]LogConfig: Applying CVar settings from Section [/Script/Engine.RendererOverrideSettings] File [C:/Users/crayos/Documents/GitHub/PaperWindMoreWind/MyProject8/Saved/Config/Windows/Engine.ini]
[2022.04.12-05.10.05:625][  0]LogConfig: Applying CVar settings from Section [/Script/Engine.StreamingSettings] File [C:/Users/crayos/Documents/GitHub/PaperWindMoreWind/MyProject8/Saved/Config/Windows/Engine.ini]
[2022.04.12-05.10.05:625][  0]LogConfig: Setting CVar [[s.MinBulkDataSizeForAsyncLoading:131072]]
[2022.04.12-05.10.05:625][  0]LogConfig: Setting CVar [[s.AsyncLoadingThreadEnabled:0]]
[2022.04.12-05.10.05:625][  0]LogConfig: Setting CVar [[s.EventDrivenLoaderEnabled:1]]
[2022.04.12-05.10.05:625][  0]LogConfig: Setting CVar [[s.WarnIfTimeLimitExceeded:0]]
[2022.04.12-05.10.05:625][  0]LogConfig: Setting CVar [[s.TimeLimitExceededMultiplier:1.5]]
[2022.04.12-05.10.05:625][  0]LogConfig: Setting CVar [[s.TimeLimitExceededMinTime:0.005]]
[2022.04.12-05.10.05:625][  0]LogConfig: Setting CVar [[s.UseBackgroundLevelStreaming:1]]
[2022.04.12-05.10.05:625][  0]LogConfig: Setting CVar [[s.PriorityAsyncLoadingExtraTime:15.0]]
[2022.04.12-05.10.05:625][  0]LogConfig: Setting CVar [[s.LevelStreamingActorsUpdateTimeLimit:5.0]]
[2022.04.12-05.10.05:625][  0]LogConfig: Setting CVar [[s.PriorityLevelStreamingActorsUpdateExtraTime:5.0]]
[2022.04.12-05.10.05:625][  0]LogConfig: Setting CVar [[s.LevelStreamingComponentsRegistrationGranularity:10]]
[2022.04.12-05.10.05:625][  0]LogConfig: Setting CVar [[s.UnregisterComponentsTimeLimit:1.0]]
[2022.04.12-05.10.05:625][  0]LogConfig: Setting CVar [[s.LevelStreamingComponentsUnregistrationGranularity:5]]
[2022.04.12-05.10.05:625][  0]LogConfig: Setting CVar [[s.FlushStreamingOnExit:1]]
[2022.04.12-05.10.05:625][  0]LogConfig: Applying CVar settings from Section [/Script/Engine.GarbageCollectionSettings] File [C:/Users/crayos/Documents/GitHub/PaperWindMoreWind/MyProject8/Saved/Config/Windows/Engine.ini]
[2022.04.12-05.10.05:625][  0]LogConfig: Setting CVar [[gc.MaxObjectsNotConsideredByGC:1]]
[2022.04.12-05.10.05:625][  0]LogConfig: Setting CVar [[gc.SizeOfPermanentObjectPool:0]]
[2022.04.12-05.10.05:625][  0]LogConfig: Setting CVar [[gc.FlushStreamingOnGC:0]]
[2022.04.12-05.10.05:625][  0]LogConfig: Setting CVar [[gc.NumRetriesBeforeForcingGC:10]]
[2022.04.12-05.10.05:625][  0]LogConfig: Setting CVar [[gc.AllowParallelGC:1]]
[2022.04.12-05.10.05:625][  0]LogConfig: Setting CVar [[gc.TimeBetweenPurgingPendingKillObjects:61.1]]
[2022.04.12-05.10.05:625][  0]LogConfig: Setting CVar [[gc.MaxObjectsInEditor:25165824]]
[2022.04.12-05.10.05:625][  0]LogConfig: Setting CVar [[gc.IncrementalBeginDestroyEnabled:1]]
[2022.04.12-05.10.05:625][  0]LogConfig: Setting CVar [[gc.CreateGCClusters:1]]
[2022.04.12-05.10.05:625][  0]LogConfig: Setting CVar [[gc.MinGCClusterSize:5]]
[2022.04.12-05.10.05:625][  0]LogConfig: Setting CVar [[gc.ActorClusteringEnabled:0]]
[2022.04.12-05.10.05:625][  0]LogConfig: Setting CVar [[gc.BlueprintClusteringEnabled:0]]
[2022.04.12-05.10.05:625][  0]LogConfig: Setting CVar [[gc.UseDisregardForGCOnDedicatedServers:0]]
[2022.04.12-05.10.05:625][  0]LogConfig: Setting CVar [[gc.MultithreadedDestructionEnabled:1]]
[2022.04.12-05.10.05:625][  0]LogConfig: Applying CVar settings from Section [/Script/Engine.NetworkSettings] File [C:/Users/crayos/Documents/GitHub/PaperWindMoreWind/MyProject8/Saved/Config/Windows/Engine.ini]
[2022.04.12-05.10.05:625][  0]LogConfig: Applying CVar settings from Section [/Script/UnrealEd.CookerSettings] File [C:/Users/crayos/Documents/GitHub/PaperWindMoreWind/MyProject8/Saved/Config/Windows/Engine.ini]
[2022.04.12-05.10.05:636][  0]LogConfig: Applying CVar settings from Section [ViewDistanceQuality@3] File [C:/Users/crayos/Documents/GitHub/PaperWindMoreWind/MyProject8/Saved/Config/Windows/Scalability.ini]
[2022.04.12-05.10.05:636][  0]LogConfig: Setting CVar [[r.SkeletalMeshLODBias:0]]
[2022.04.12-05.10.05:636][  0]LogConfig: Setting CVar [[r.ViewDistanceScale:1.0]]
[2022.04.12-05.10.05:636][  0]LogConfig: Applying CVar settings from Section [AntiAliasingQuality@3] File [C:/Users/crayos/Documents/GitHub/PaperWindMoreWind/MyProject8/Saved/Config/Windows/Scalability.ini]
[2022.04.12-05.10.05:636][  0]LogConfig: Setting CVar [[r.PostProcessAAQuality:4]]
[2022.04.12-05.10.05:636][  0]LogConfig: Applying CVar settings from Section [ShadowQuality@3] File [C:/Users/crayos/Documents/GitHub/PaperWindMoreWind/MyProject8/Saved/Config/Windows/Scalability.ini]
[2022.04.12-05.10.05:636][  0]LogConfig: Setting CVar [[r.LightFunctionQuality:1]]
[2022.04.12-05.10.05:636][  0]LogConfig: Setting CVar [[r.ShadowQuality:5]]
[2022.04.12-05.10.05:636][  0]LogConfig: Setting CVar [[r.Shadow.CSM.MaxCascades:10]]
[2022.04.12-05.10.05:636][  0]LogConfig: Setting CVar [[r.Shadow.MaxResolution:2048]]
[2022.04.12-05.10.05:636][  0]LogConfig: Setting CVar [[r.Shadow.MaxCSMResolution:2048]]
[2022.04.12-05.10.05:636][  0]LogConfig: Setting CVar [[r.Shadow.RadiusThreshold:0.01]]
[2022.04.12-05.10.05:636][  0]LogConfig: Setting CVar [[r.Shadow.DistanceScale:1.0]]
[2022.04.12-05.10.05:636][  0]LogConfig: Setting CVar [[r.Shadow.CSM.TransitionScale:1.0]]
[2022.04.12-05.10.05:636][  0]LogConfig: Setting CVar [[r.Shadow.PreShadowResolutionFactor:1.0]]
[2022.04.12-05.10.05:636][  0]LogConfig: Setting CVar [[r.DistanceFieldShadowing:1]]
[2022.04.12-05.10.05:636][  0]LogConfig: Setting CVar [[r.DistanceFieldAO:1]]
[2022.04.12-05.10.05:636][  0]LogConfig: Setting CVar [[r.AOQuality:2]]
[2022.04.12-05.10.05:636][  0]LogConfig: Setting CVar [[r.VolumetricFog:1]]
[2022.04.12-05.10.05:636][  0]LogConfig: Setting CVar [[r.VolumetricFog.GridPixelSize:8]]
[2022.04.12-05.10.05:636][  0]LogConfig: Setting CVar [[r.VolumetricFog.GridSizeZ:128]]
[2022.04.12-05.10.05:636][  0]LogConfig: Setting CVar [[r.VolumetricFog.HistoryMissSupersampleCount:4]]
[2022.04.12-05.10.05:636][  0]LogConfig: Setting CVar [[r.LightMaxDrawDistanceScale:1]]
[2022.04.12-05.10.05:636][  0]LogConfig: Setting CVar [[r.CapsuleShadows:1]]
[2022.04.12-05.10.05:636][  0]LogConfig: Applying CVar settings from Section [PostProcessQuality@3] File [C:/Users/crayos/Documents/GitHub/PaperWindMoreWind/MyProject8/Saved/Config/Windows/Scalability.ini]
[2022.04.12-05.10.05:636][  0]LogConfig: Setting CVar [[r.MotionBlurQuality:4]]
[2022.04.12-05.10.05:636][  0]LogConfig: Setting CVar [[r.AmbientOcclusionMipLevelFactor:0.4]]
[2022.04.12-05.10.05:636][  0]LogConfig: Setting CVar [[r.AmbientOcclusionMaxQuality:100]]
[2022.04.12-05.10.05:636][  0]LogConfig: Setting CVar [[r.AmbientOcclusionLevels:-1]]
[2022.04.12-05.10.05:636][  0]LogConfig: Setting CVar [[r.AmbientOcclusionRadiusScale:1.0]]
[2022.04.12-05.10.05:636][  0]LogConfig: Setting CVar [[r.DepthOfFieldQuality:2]]
[2022.04.12-05.10.05:636][  0]LogConfig: Setting CVar [[r.RenderTargetPoolMin:400]]
[2022.04.12-05.10.05:636][  0]LogConfig: Setting CVar [[r.LensFlareQuality:2]]
[2022.04.12-05.10.05:636][  0]LogConfig: Setting CVar [[r.SceneColorFringeQuality:1]]
[2022.04.12-05.10.05:636][  0]LogConfig: Setting CVar [[r.EyeAdaptationQuality:2]]
[2022.04.12-05.10.05:636][  0]LogConfig: Setting CVar [[r.BloomQuality:5]]
[2022.04.12-05.10.05:636][  0]LogConfig: Setting CVar [[r.FastBlurThreshold:100]]
[2022.04.12-05.10.05:636][  0]LogConfig: Setting CVar [[r.Upscale.Quality:3]]
[2022.04.12-05.10.05:636][  0]LogConfig: Setting CVar [[r.Tonemapper.GrainQuantization:1]]
[2022.04.12-05.10.05:636][  0]LogConfig: Setting CVar [[r.LightShaftQuality:1]]
[2022.04.12-05.10.05:636][  0]LogConfig: Setting CVar [[r.Filter.SizeScale:1]]
[2022.04.12-05.10.05:636][  0]LogConfig: Setting CVar [[r.Tonemapper.Quality:5]]
[2022.04.12-05.10.05:636][  0]LogConfig: Setting CVar [[r.DOF.Gather.AccumulatorQuality:1        ; higher gathering accumulator quality]]
[2022.04.12-05.10.05:636][  0]LogConfig: Setting CVar [[r.DOF.Gather.PostfilterMethod:1          ; Median3x3 postfilering method]]
[2022.04.12-05.10.05:636][  0]LogConfig: Setting CVar [[r.DOF.Gather.EnableBokehSettings:0       ; no bokeh simulation when gathering]]
[2022.04.12-05.10.05:636][  0]LogConfig: Setting CVar [[r.DOF.Gather.RingCount:4                 ; medium number of samples when gathering]]
[2022.04.12-05.10.05:636][  0]LogConfig: Setting CVar [[r.DOF.Scatter.ForegroundCompositing:1    ; additive foreground scattering]]
[2022.04.12-05.10.05:637][  0]LogConfig: Setting CVar [[r.DOF.Scatter.BackgroundCompositing:2    ; additive background scattering]]
[2022.04.12-05.10.05:637][  0]LogConfig: Setting CVar [[r.DOF.Scatter.EnableBokehSettings:1      ; bokeh simulation when scattering]]
[2022.04.12-05.10.05:637][  0]LogConfig: Setting CVar [[r.DOF.Scatter.MaxSpriteRatio:0.1         ; only a maximum of 10% of scattered bokeh]]
[2022.04.12-05.10.05:637][  0]LogConfig: Setting CVar [[r.DOF.Recombine.Quality:1                ; cheap slight out of focus]]
[2022.04.12-05.10.05:637][  0]LogConfig: Setting CVar [[r.DOF.Recombine.EnableBokehSettings:0    ; no bokeh simulation on slight out of focus]]
[2022.04.12-05.10.05:637][  0]LogConfig: Setting CVar [[r.DOF.TemporalAAQuality:1                ; more stable temporal accumulation]]
[2022.04.12-05.10.05:637][  0]LogConfig: Setting CVar [[r.DOF.Kernel.MaxForegroundRadius:0.025]]
[2022.04.12-05.10.05:637][  0]LogConfig: Setting CVar [[r.DOF.Kernel.MaxBackgroundRadius:0.025]]
[2022.04.12-05.10.05:637][  0]LogConfig: Applying CVar settings from Section [TextureQuality@3] File [C:/Users/crayos/Documents/GitHub/PaperWindMoreWind/MyProject8/Saved/Config/Windows/Scalability.ini]
[2022.04.12-05.10.05:637][  0]LogConfig: Setting CVar [[r.Streaming.MipBias:0]]
[2022.04.12-05.10.05:637][  0]LogConfig: Setting CVar [[r.Streaming.AmortizeCPUToGPUCopy:0]]
[2022.04.12-05.10.05:637][  0]LogConfig: Setting CVar [[r.Streaming.MaxNumTexturesToStreamPerFrame:0]]
[2022.04.12-05.10.05:637][  0]LogConfig: Setting CVar [[r.Streaming.Boost:1]]
[2022.04.12-05.10.05:637][  0]LogConfig: Setting CVar [[r.MaxAnisotropy:8]]
[2022.04.12-05.10.05:637][  0]LogConfig: Setting CVar [[r.VT.MaxAnisotropy:8]]
[2022.04.12-05.10.05:637][  0]LogConfig: Setting CVar [[r.Streaming.LimitPoolSizeToVRAM:0]]
[2022.04.12-05.10.05:637][  0]LogConfig: Setting CVar [[r.Streaming.PoolSize:1000]]
[2022.04.12-05.10.05:637][  0]LogConfig: Setting CVar [[r.Streaming.MaxEffectiveScreenSize:0]]
[2022.04.12-05.10.05:637][  0]LogConfig: Applying CVar settings from Section [EffectsQuality@3] File [C:/Users/crayos/Documents/GitHub/PaperWindMoreWind/MyProject8/Saved/Config/Windows/Scalability.ini]
[2022.04.12-05.10.05:637][  0]LogConfig: Setting CVar [[r.TranslucencyLightingVolumeDim:64]]
[2022.04.12-05.10.05:637][  0]LogConfig: Setting CVar [[r.RefractionQuality:2]]
[2022.04.12-05.10.05:637][  0]LogConfig: Setting CVar [[r.SSR.Quality:3]]
[2022.04.12-05.10.05:637][  0]LogConfig: Setting CVar [[r.SSR.HalfResSceneColor:0]]
[2022.04.12-05.10.05:637][  0]LogConfig: Setting CVar [[r.SceneColorFormat:4]]
[2022.04.12-05.10.05:637][  0]LogConfig: Setting CVar [[r.DetailMode:2]]
[2022.04.12-05.10.05:637][  0]LogConfig: Setting CVar [[r.TranslucencyVolumeBlur:1]]
[2022.04.12-05.10.05:637][  0]LogConfig: Setting CVar [[r.MaterialQualityLevel:1 ; High quality]]
[2022.04.12-05.10.05:637][  0]LogConfig: Setting CVar [[r.AnisotropicMaterials:1]]
[2022.04.12-05.10.05:637][  0]LogConfig: Setting CVar [[r.SSS.Scale:1]]
[2022.04.12-05.10.05:637][  0]LogConfig: Setting CVar [[r.SSS.SampleSet:2]]
[2022.04.12-05.10.05:637][  0]LogConfig: Setting CVar [[r.SSS.Quality:1]]
[2022.04.12-05.10.05:637][  0]LogConfig: Setting CVar [[r.SSS.HalfRes:0]]
[2022.04.12-05.10.05:637][  0]LogConfig: Setting CVar [[r.SSGI.Quality:3]]
[2022.04.12-05.10.05:637][  0]LogConfig: Setting CVar [[r.EmitterSpawnRateScale:1.0]]
[2022.04.12-05.10.05:637][  0]LogConfig: Setting CVar [[r.ParticleLightQuality:2]]
[2022.04.12-05.10.05:637][  0]LogConfig: Setting CVar [[r.SkyAtmosphere.AerialPerspectiveLUT.FastApplyOnOpaque:1 ; Always have FastSkyLUT 1 in this case to avoid wrong sky]]
[2022.04.12-05.10.05:637][  0]LogConfig: Setting CVar [[r.SkyAtmosphere.AerialPerspectiveLUT.SampleCountMaxPerSlice:4]]
[2022.04.12-05.10.05:637][  0]LogConfig: Setting CVar [[r.SkyAtmosphere.AerialPerspectiveLUT.DepthResolution:16.0]]
[2022.04.12-05.10.05:637][  0]LogConfig: Setting CVar [[r.SkyAtmosphere.FastSkyLUT:1]]
[2022.04.12-05.10.05:637][  0]LogConfig: Setting CVar [[r.SkyAtmosphere.FastSkyLUT.SampleCountMin:4.0]]
[2022.04.12-05.10.05:637][  0]LogConfig: Setting CVar [[r.SkyAtmosphere.FastSkyLUT.SampleCountMax:128.0]]
[2022.04.12-05.10.05:637][  0]LogConfig: Setting CVar [[r.SkyAtmosphere.SampleCountMin:4.0]]
[2022.04.12-05.10.05:637][  0]LogConfig: Setting CVar [[r.SkyAtmosphere.SampleCountMax:128.0]]
[2022.04.12-05.10.05:637][  0]LogConfig: Setting CVar [[r.SkyAtmosphere.TransmittanceLUT.UseSmallFormat:0]]
[2022.04.12-05.10.05:637][  0]LogConfig: Setting CVar [[r.SkyAtmosphere.TransmittanceLUT.SampleCount:10.0]]
[2022.04.12-05.10.05:637][  0]LogConfig: Setting CVar [[r.SkyAtmosphere.MultiScatteringLUT.SampleCount:15.0]]
[2022.04.12-05.10.05:637][  0]LogConfig: Setting CVar [[r.SkyLight.RealTimeReflectionCapture:1]]
[2022.04.12-05.10.05:637][  0]LogConfig: Applying CVar settings from Section [FoliageQuality@3] File [C:/Users/crayos/Documents/GitHub/PaperWindMoreWind/MyProject8/Saved/Config/Windows/Scalability.ini]
[2022.04.12-05.10.05:637][  0]LogConfig: Setting CVar [[foliage.DensityScale:1.0]]
[2022.04.12-05.10.05:637][  0]LogConfig: Setting CVar [[grass.DensityScale:1.0]]
[2022.04.12-05.10.05:637][  0]LogConfig: Applying CVar settings from Section [ShadingQuality@3] File [C:/Users/crayos/Documents/GitHub/PaperWindMoreWind/MyProject8/Saved/Config/Windows/Scalability.ini]
[2022.04.12-05.10.05:637][  0]LogConfig: Setting CVar [[r.HairStrands.SkyLighting.IntegrationType:2]]
[2022.04.12-05.10.05:637][  0]LogConfig: Setting CVar [[r.HairStrands.SkyAO.SampleCount:4]]
[2022.04.12-05.10.05:637][  0]LogConfig: Setting CVar [[r.HairStrands.Visibility.MSAA.SamplePerPixel:4]]
[2022.04.12-05.10.05:637][  0]LogInit: Selected Device Profile: [Windows]
[2022.04.12-05.10.05:637][  0]LogInit: Applying CVar settings loaded from the selected device profile: [Windows]
[2022.04.12-05.10.05:637][  0]LogHAL: Display: Platform has ~ 32 GB [34270777344 / 34359738368 / 32], which maps to Largest [LargestMinGB=32, LargerMinGB=12, DefaultMinGB=8, SmallerMinGB=6, SmallestMinGB=0)
[2022.04.12-05.10.05:637][  0]LogInit: Going up to parent DeviceProfile []
[2022.04.12-05.10.05:637][  0]LogConfig: Applying CVar settings from Section [ViewDistanceQuality@3] File [C:/Users/crayos/Documents/GitHub/PaperWindMoreWind/MyProject8/Saved/Config/Windows/Scalability.ini]
[2022.04.12-05.10.05:637][  0]LogConfig: Setting CVar [[r.SkeletalMeshLODBias:0]]
[2022.04.12-05.10.05:637][  0]LogConfig: Setting CVar [[r.ViewDistanceScale:1.0]]
[2022.04.12-05.10.05:637][  0]LogConfig: Applying CVar settings from Section [AntiAliasingQuality@3] File [C:/Users/crayos/Documents/GitHub/PaperWindMoreWind/MyProject8/Saved/Config/Windows/Scalability.ini]
[2022.04.12-05.10.05:637][  0]LogConfig: Setting CVar [[r.PostProcessAAQuality:4]]
[2022.04.12-05.10.05:638][  0]LogConfig: Applying CVar settings from Section [ShadowQuality@3] File [C:/Users/crayos/Documents/GitHub/PaperWindMoreWind/MyProject8/Saved/Config/Windows/Scalability.ini]
[2022.04.12-05.10.05:638][  0]LogConfig: Setting CVar [[r.LightFunctionQuality:1]]
[2022.04.12-05.10.05:638][  0]LogConfig: Setting CVar [[r.ShadowQuality:5]]
[2022.04.12-05.10.05:638][  0]LogConfig: Setting CVar [[r.Shadow.CSM.MaxCascades:10]]
[2022.04.12-05.10.05:638][  0]LogConfig: Setting CVar [[r.Shadow.MaxResolution:2048]]
[2022.04.12-05.10.05:638][  0]LogConfig: Setting CVar [[r.Shadow.MaxCSMResolution:2048]]
[2022.04.12-05.10.05:638][  0]LogConfig: Setting CVar [[r.Shadow.RadiusThreshold:0.01]]
[2022.04.12-05.10.05:638][  0]LogConfig: Setting CVar [[r.Shadow.DistanceScale:1.0]]
[2022.04.12-05.10.05:638][  0]LogConfig: Setting CVar [[r.Shadow.CSM.TransitionScale:1.0]]
[2022.04.12-05.10.05:638][  0]LogConfig: Setting CVar [[r.Shadow.PreShadowResolutionFactor:1.0]]
[2022.04.12-05.10.05:638][  0]LogConfig: Setting CVar [[r.DistanceFieldShadowing:1]]
[2022.04.12-05.10.05:638][  0]LogConfig: Setting CVar [[r.DistanceFieldAO:1]]
[2022.04.12-05.10.05:638][  0]LogConfig: Setting CVar [[r.AOQuality:2]]
[2022.04.12-05.10.05:638][  0]LogConfig: Setting CVar [[r.VolumetricFog:1]]
[2022.04.12-05.10.05:638][  0]LogConfig: Setting CVar [[r.VolumetricFog.GridPixelSize:8]]
[2022.04.12-05.10.05:638][  0]LogConfig: Setting CVar [[r.VolumetricFog.GridSizeZ:128]]
[2022.04.12-05.10.05:638][  0]LogConfig: Setting CVar [[r.VolumetricFog.HistoryMissSupersampleCount:4]]
[2022.04.12-05.10.05:638][  0]LogConfig: Setting CVar [[r.LightMaxDrawDistanceScale:1]]
[2022.04.12-05.10.05:638][  0]LogConfig: Setting CVar [[r.CapsuleShadows:1]]
[2022.04.12-05.10.05:638][  0]LogConfig: Applying CVar settings from Section [PostProcessQuality@3] File [C:/Users/crayos/Documents/GitHub/PaperWindMoreWind/MyProject8/Saved/Config/Windows/Scalability.ini]
[2022.04.12-05.10.05:638][  0]LogConfig: Setting CVar [[r.MotionBlurQuality:4]]
[2022.04.12-05.10.05:638][  0]LogConfig: Setting CVar [[r.AmbientOcclusionMipLevelFactor:0.4]]
[2022.04.12-05.10.05:638][  0]LogConfig: Setting CVar [[r.AmbientOcclusionMaxQuality:100]]
[2022.04.12-05.10.05:638][  0]LogConfig: Setting CVar [[r.AmbientOcclusionLevels:-1]]
[2022.04.12-05.10.05:638][  0]LogConfig: Setting CVar [[r.AmbientOcclusionRadiusScale:1.0]]
[2022.04.12-05.10.05:638][  0]LogConfig: Setting CVar [[r.DepthOfFieldQuality:2]]
[2022.04.12-05.10.05:638][  0]LogConfig: Setting CVar [[r.RenderTargetPoolMin:400]]
[2022.04.12-05.10.05:638][  0]LogConfig: Setting CVar [[r.LensFlareQuality:2]]
[2022.04.12-05.10.05:638][  0]LogConfig: Setting CVar [[r.SceneColorFringeQuality:1]]
[2022.04.12-05.10.05:638][  0]LogConfig: Setting CVar [[r.EyeAdaptationQuality:2]]
[2022.04.12-05.10.05:638][  0]LogConfig: Setting CVar [[r.BloomQuality:5]]
[2022.04.12-05.10.05:638][  0]LogConfig: Setting CVar [[r.FastBlurThreshold:100]]
[2022.04.12-05.10.05:638][  0]LogConfig: Setting CVar [[r.Upscale.Quality:3]]
[2022.04.12-05.10.05:638][  0]LogConfig: Setting CVar [[r.Tonemapper.GrainQuantization:1]]
[2022.04.12-05.10.05:638][  0]LogConfig: Setting CVar [[r.LightShaftQuality:1]]
[2022.04.12-05.10.05:638][  0]LogConfig: Setting CVar [[r.Filter.SizeScale:1]]
[2022.04.12-05.10.05:638][  0]LogConfig: Setting CVar [[r.Tonemapper.Quality:5]]
[2022.04.12-05.10.05:638][  0]LogConfig: Setting CVar [[r.DOF.Gather.AccumulatorQuality:1        ; higher gathering accumulator quality]]
[2022.04.12-05.10.05:638][  0]LogConfig: Setting CVar [[r.DOF.Gather.PostfilterMethod:1          ; Median3x3 postfilering method]]
[2022.04.12-05.10.05:638][  0]LogConfig: Setting CVar [[r.DOF.Gather.EnableBokehSettings:0       ; no bokeh simulation when gathering]]
[2022.04.12-05.10.05:638][  0]LogConfig: Setting CVar [[r.DOF.Gather.RingCount:4                 ; medium number of samples when gathering]]
[2022.04.12-05.10.05:638][  0]LogConfig: Setting CVar [[r.DOF.Scatter.ForegroundCompositing:1    ; additive foreground scattering]]
[2022.04.12-05.10.05:638][  0]LogConfig: Setting CVar [[r.DOF.Scatter.BackgroundCompositing:2    ; additive background scattering]]
[2022.04.12-05.10.05:638][  0]LogConfig: Setting CVar [[r.DOF.Scatter.EnableBokehSettings:1      ; bokeh simulation when scattering]]
[2022.04.12-05.10.05:638][  0]LogConfig: Setting CVar [[r.DOF.Scatter.MaxSpriteRatio:0.1         ; only a maximum of 10% of scattered bokeh]]
[2022.04.12-05.10.05:638][  0]LogConfig: Setting CVar [[r.DOF.Recombine.Quality:1                ; cheap slight out of focus]]
[2022.04.12-05.10.05:638][  0]LogConfig: Setting CVar [[r.DOF.Recombine.EnableBokehSettings:0    ; no bokeh simulation on slight out of focus]]
[2022.04.12-05.10.05:638][  0]LogConfig: Setting CVar [[r.DOF.TemporalAAQuality:1                ; more stable temporal accumulation]]
[2022.04.12-05.10.05:638][  0]LogConfig: Setting CVar [[r.DOF.Kernel.MaxForegroundRadius:0.025]]
[2022.04.12-05.10.05:638][  0]LogConfig: Setting CVar [[r.DOF.Kernel.MaxBackgroundRadius:0.025]]
[2022.04.12-05.10.05:638][  0]LogConfig: Applying CVar settings from Section [TextureQuality@3] File [C:/Users/crayos/Documents/GitHub/PaperWindMoreWind/MyProject8/Saved/Config/Windows/Scalability.ini]
[2022.04.12-05.10.05:638][  0]LogConfig: Setting CVar [[r.Streaming.MipBias:0]]
[2022.04.12-05.10.05:638][  0]LogConfig: Setting CVar [[r.Streaming.AmortizeCPUToGPUCopy:0]]
[2022.04.12-05.10.05:638][  0]LogConfig: Setting CVar [[r.Streaming.MaxNumTexturesToStreamPerFrame:0]]
[2022.04.12-05.10.05:638][  0]LogConfig: Setting CVar [[r.Streaming.Boost:1]]
[2022.04.12-05.10.05:638][  0]LogConfig: Setting CVar [[r.MaxAnisotropy:8]]
[2022.04.12-05.10.05:638][  0]LogConfig: Setting CVar [[r.VT.MaxAnisotropy:8]]
[2022.04.12-05.10.05:638][  0]LogConfig: Setting CVar [[r.Streaming.LimitPoolSizeToVRAM:0]]
[2022.04.12-05.10.05:638][  0]LogConfig: Setting CVar [[r.Streaming.PoolSize:1000]]
[2022.04.12-05.10.05:638][  0]LogConfig: Setting CVar [[r.Streaming.MaxEffectiveScreenSize:0]]
[2022.04.12-05.10.05:638][  0]LogConfig: Applying CVar settings from Section [EffectsQuality@3] File [C:/Users/crayos/Documents/GitHub/PaperWindMoreWind/MyProject8/Saved/Config/Windows/Scalability.ini]
[2022.04.12-05.10.05:638][  0]LogConfig: Setting CVar [[r.TranslucencyLightingVolumeDim:64]]
[2022.04.12-05.10.05:638][  0]LogConfig: Setting CVar [[r.RefractionQuality:2]]
[2022.04.12-05.10.05:638][  0]LogConfig: Setting CVar [[r.SSR.Quality:3]]
[2022.04.12-05.10.05:638][  0]LogConfig: Setting CVar [[r.SSR.HalfResSceneColor:0]]
[2022.04.12-05.10.05:638][  0]LogConfig: Setting CVar [[r.SceneColorFormat:4]]
[2022.04.12-05.10.05:638][  0]LogConfig: Setting CVar [[r.DetailMode:2]]
[2022.04.12-05.10.05:638][  0]LogConfig: Setting CVar [[r.TranslucencyVolumeBlur:1]]
[2022.04.12-05.10.05:638][  0]LogConfig: Setting CVar [[r.MaterialQualityLevel:1 ; High quality]]
[2022.04.12-05.10.05:639][  0]LogConfig: Setting CVar [[r.AnisotropicMaterials:1]]
[2022.04.12-05.10.05:639][  0]LogConfig: Setting CVar [[r.SSS.Scale:1]]
[2022.04.12-05.10.05:639][  0]LogConfig: Setting CVar [[r.SSS.SampleSet:2]]
[2022.04.12-05.10.05:639][  0]LogConfig: Setting CVar [[r.SSS.Quality:1]]
[2022.04.12-05.10.05:639][  0]LogConfig: Setting CVar [[r.SSS.HalfRes:0]]
[2022.04.12-05.10.05:639][  0]LogConfig: Setting CVar [[r.SSGI.Quality:3]]
[2022.04.12-05.10.05:639][  0]LogConfig: Setting CVar [[r.EmitterSpawnRateScale:1.0]]
[2022.04.12-05.10.05:639][  0]LogConfig: Setting CVar [[r.ParticleLightQuality:2]]
[2022.04.12-05.10.05:639][  0]LogConfig: Setting CVar [[r.SkyAtmosphere.AerialPerspectiveLUT.FastApplyOnOpaque:1 ; Always have FastSkyLUT 1 in this case to avoid wrong sky]]
[2022.04.12-05.10.05:639][  0]LogConfig: Setting CVar [[r.SkyAtmosphere.AerialPerspectiveLUT.SampleCountMaxPerSlice:4]]
[2022.04.12-05.10.05:639][  0]LogConfig: Setting CVar [[r.SkyAtmosphere.AerialPerspectiveLUT.DepthResolution:16.0]]
[2022.04.12-05.10.05:639][  0]LogConfig: Setting CVar [[r.SkyAtmosphere.FastSkyLUT:1]]
[2022.04.12-05.10.05:639][  0]LogConfig: Setting CVar [[r.SkyAtmosphere.FastSkyLUT.SampleCountMin:4.0]]
[2022.04.12-05.10.05:639][  0]LogConfig: Setting CVar [[r.SkyAtmosphere.FastSkyLUT.SampleCountMax:128.0]]
[2022.04.12-05.10.05:639][  0]LogConfig: Setting CVar [[r.SkyAtmosphere.SampleCountMin:4.0]]
[2022.04.12-05.10.05:639][  0]LogConfig: Setting CVar [[r.SkyAtmosphere.SampleCountMax:128.0]]
[2022.04.12-05.10.05:639][  0]LogConfig: Setting CVar [[r.SkyAtmosphere.TransmittanceLUT.UseSmallFormat:0]]
[2022.04.12-05.10.05:639][  0]LogConfig: Setting CVar [[r.SkyAtmosphere.TransmittanceLUT.SampleCount:10.0]]
[2022.04.12-05.10.05:639][  0]LogConfig: Setting CVar [[r.SkyAtmosphere.MultiScatteringLUT.SampleCount:15.0]]
[2022.04.12-05.10.05:639][  0]LogConfig: Setting CVar [[r.SkyLight.RealTimeReflectionCapture:1]]
[2022.04.12-05.10.05:639][  0]LogConfig: Applying CVar settings from Section [FoliageQuality@3] File [C:/Users/crayos/Documents/GitHub/PaperWindMoreWind/MyProject8/Saved/Config/Windows/Scalability.ini]
[2022.04.12-05.10.05:639][  0]LogConfig: Setting CVar [[foliage.DensityScale:1.0]]
[2022.04.12-05.10.05:639][  0]LogConfig: Setting CVar [[grass.DensityScale:1.0]]
[2022.04.12-05.10.05:639][  0]LogConfig: Applying CVar settings from Section [ShadingQuality@3] File [C:/Users/crayos/Documents/GitHub/PaperWindMoreWind/MyProject8/Saved/Config/Windows/Scalability.ini]
[2022.04.12-05.10.05:639][  0]LogConfig: Setting CVar [[r.HairStrands.SkyLighting.IntegrationType:2]]
[2022.04.12-05.10.05:639][  0]LogConfig: Setting CVar [[r.HairStrands.SkyAO.SampleCount:4]]
[2022.04.12-05.10.05:639][  0]LogConfig: Setting CVar [[r.HairStrands.Visibility.MSAA.SamplePerPixel:4]]
[2022.04.12-05.10.05:639][  0]LogConfig: Applying CVar settings from Section [Startup] File [../../../Engine/Config/ConsoleVariables.ini]
[2022.04.12-05.10.05:639][  0]LogConfig: Setting CVar [[net.UseAdaptiveNetUpdateFrequency:0]]
[2022.04.12-05.10.05:639][  0]LogConfig: Setting CVar [[p.chaos.AllowCreatePhysxBodies:1]]
[2022.04.12-05.10.05:639][  0]LogConfig: Setting CVar [[fx.SkipVectorVMBackendOptimizations:1]]
[2022.04.12-05.10.05:639][  0]LogConfig: Applying CVar settings from Section [ConsoleVariables] File [C:/Users/crayos/Documents/GitHub/PaperWindMoreWind/MyProject8/Saved/Config/Windows/Engine.ini]
[2022.04.12-05.10.05:639][  0]LogConfig: Applying CVar settings from Section [ConsoleVariables] File [C:/Users/crayos/Documents/GitHub/PaperWindMoreWind/MyProject8/Saved/Config/Windows/Editor.ini]
[2022.04.12-05.10.05:639][  0]LogInit: Computer: MEL-108-2527W
[2022.04.12-05.10.05:639][  0]LogInit: User: crayos
[2022.04.12-05.10.05:639][  0]LogInit: CPU Page size=4096, Cores=4
[2022.04.12-05.10.05:639][  0]LogInit: High frequency timer resolution =10.000000 MHz
[2022.04.12-05.10.05:640][  0]LogMemory: Memory total: Physical=31.9GB (32GB approx)
[2022.04.12-05.10.05:640][  0]LogMemory: Platform Memory Stats for Windows
[2022.04.12-05.10.05:640][  0]LogMemory: Process Physical Memory: 143.08 MB used, 143.08 MB peak
[2022.04.12-05.10.05:640][  0]LogMemory: Process Virtual Memory: 128.37 MB used, 128.37 MB peak
[2022.04.12-05.10.05:640][  0]LogMemory: Physical Memory: 10269.81 MB used,  22413.35 MB free, 32683.16 MB total
[2022.04.12-05.10.05:640][  0]LogMemory: Virtual Memory: 134193272.00 MB used,  24458.46 MB free, 134217728.00 MB total
[2022.04.12-05.10.05:646][  0]LogWindows: WindowsPlatformFeatures enabled
[2022.04.12-05.10.05:676][  0]LogInit: Physics initialised using underlying interface: PhysX
[2022.04.12-05.10.05:677][  0]LogInit: Using OS detected language (en-US).
[2022.04.12-05.10.05:677][  0]LogInit: Using OS detected locale (en-AU).
[2022.04.12-05.10.05:680][  0]LogTextLocalizationManager: No specific localization for 'en-US' exists, so the 'en' localization will be used.
[2022.04.12-05.10.05:896][  0]LogInit: Setting process to per monitor DPI aware
[2022.04.12-05.10.05:919][  0]LogWindowsTextInputMethodSystem: Display: IME system deactivated.
[2022.04.12-05.10.05:940][  0]LogSlate: New Slate User Created.  User Index 0, Is Virtual User: 0
[2022.04.12-05.10.05:940][  0]LogSlate: Slate User Registered.  User Index 0, Is Virtual User: 0
[2022.04.12-05.10.06:146][  0]LogD3D11RHI: Loaded GFSDK_Aftermath_Lib.x64.dll
[2022.04.12-05.10.06:150][  0]LogHMD: Failed to initialize OpenVR with code 110
[2022.04.12-05.10.06:150][  0]LogD3D11RHI: D3D11 min allowed feature level: 11_0
[2022.04.12-05.10.06:150][  0]LogD3D11RHI: D3D11 max allowed feature level: 11_0
[2022.04.12-05.10.06:150][  0]LogD3D11RHI: D3D11 adapters:
[2022.04.12-05.10.06:248][  0]LogD3D11RHI:    0. 'NVIDIA GeForce GTX 980' (Feature Level 11_0)
[2022.04.12-05.10.06:248][  0]LogD3D11RHI:       4053/0/16341 MB DedicatedVideo/DedicatedSystem/SharedSystem, Outputs:1, VendorId:0x10de
[2022.04.12-05.10.06:250][  0]LogD3D11RHI:    1. 'Microsoft Basic Render Driver' (Feature Level 11_0)
[2022.04.12-05.10.06:251][  0]LogD3D11RHI:       0/0/16341 MB DedicatedVideo/DedicatedSystem/SharedSystem, Outputs:0, VendorId:0x1414
[2022.04.12-05.10.06:251][  0]LogD3D11RHI: Chosen D3D11 Adapter:
[2022.04.12-05.10.06:251][  0]LogD3D11RHI:     Description : NVIDIA GeForce GTX 980
[2022.04.12-05.10.06:251][  0]LogD3D11RHI:     VendorId    : 10de
[2022.04.12-05.10.06:251][  0]LogD3D11RHI:     DeviceId    : 13c0
[2022.04.12-05.10.06:251][  0]LogD3D11RHI:     SubSysId    : 367c1458
[2022.04.12-05.10.06:251][  0]LogD3D11RHI:     Revision    : 00a1
[2022.04.12-05.10.06:251][  0]LogD3D11RHI:     DedicatedVideoMemory : 4250206208 bytes
[2022.04.12-05.10.06:251][  0]LogD3D11RHI:     DedicatedSystemMemory : 0 bytes
[2022.04.12-05.10.06:251][  0]LogD3D11RHI:     SharedSystemMemory : 17135388672 bytes
[2022.04.12-05.10.06:251][  0]LogD3D11RHI:     AdapterLuid : 0 133860
[2022.04.12-05.10.06:257][  0]LogD3D11RHI: Creating new Direct3DDevice
[2022.04.12-05.10.06:257][  0]LogD3D11RHI:     GPU DeviceId: 0x13c0 (for the marketing name, search the web for "GPU Device Id")
[2022.04.12-05.10.06:257][  0]LogWindows: EnumDisplayDevices:
[2022.04.12-05.10.06:257][  0]LogWindows:    0. 'NVIDIA GeForce GTX 980' (P:1 D:1)
[2022.04.12-05.10.06:258][  0]LogWindows:    1. 'NVIDIA GeForce GTX 980' (P:0 D:0)
[2022.04.12-05.10.06:258][  0]LogWindows:    2. 'NVIDIA GeForce GTX 980' (P:0 D:0)
[2022.04.12-05.10.06:258][  0]LogWindows:    3. 'NVIDIA GeForce GTX 980' (P:0 D:0)
[2022.04.12-05.10.06:259][  0]LogWindows: DebugString: FoundDriverCount:4 
[2022.04.12-05.10.06:259][  0]LogD3D11RHI:     Adapter Name: NVIDIA GeForce GTX 980
[2022.04.12-05.10.06:259][  0]LogD3D11RHI:   Driver Version: 456.71 (internal:27.21.14.5671, unified:456.71)
[2022.04.12-05.10.06:259][  0]LogD3D11RHI:      Driver Date: 9-30-2020
[2022.04.12-05.10.06:259][  0]LogRHI: Texture pool is 2837 MB (70% of 4053 MB)
[2022.04.12-05.10.06:259][  0]LogD3D11RHI: Creating D3DDevice using adapter:
[2022.04.12-05.10.06:259][  0]LogD3D11RHI:     Description : NVIDIA GeForce GTX 980
[2022.04.12-05.10.06:259][  0]LogD3D11RHI:     VendorId    : 10de
[2022.04.12-05.10.06:259][  0]LogD3D11RHI:     DeviceId    : 13c0
[2022.04.12-05.10.06:259][  0]LogD3D11RHI:     SubSysId    : 367c1458
[2022.04.12-05.10.06:259][  0]LogD3D11RHI:     Revision    : 00a1
[2022.04.12-05.10.06:259][  0]LogD3D11RHI:     DedicatedVideoMemory : 4250206208 bytes
[2022.04.12-05.10.06:259][  0]LogD3D11RHI:     DedicatedSystemMemory : 0 bytes
[2022.04.12-05.10.06:259][  0]LogD3D11RHI:     SharedSystemMemory : 17135388672 bytes
[2022.04.12-05.10.06:259][  0]LogD3D11RHI:     AdapterLuid : 0 133860
[2022.04.12-05.10.06:327][  0]LogD3D11RHI: RHI has support for 64 bit atomics
[2022.04.12-05.10.06:327][  0]LogD3D11RHI: Async texture creation enabled
[2022.04.12-05.10.06:327][  0]LogD3D11RHI: Array index from any shader is supported
[2022.04.12-05.10.06:346][  0]LogD3D11RHI: GPU Timing Frequency: 1000.000000 (Debug: 2 1)
[2022.04.12-05.10.06:422][  0]LogRHI: GeForceNow SDK initialized: 1
[2022.04.12-05.10.06:853][  0]LogTargetPlatformManager: Display: Loaded TargetPlatform 'AllDesktop'
[2022.04.12-05.10.06:879][  0]LogTargetPlatformManager: Display: Loaded TargetPlatform 'Android'
[2022.04.12-05.10.06:879][  0]LogTargetPlatformManager: Display: Loaded TargetPlatform 'Android_ASTC'
[2022.04.12-05.10.06:879][  0]LogTargetPlatformManager: Display: Loaded TargetPlatform 'Android_DXT'
[2022.04.12-05.10.06:879][  0]LogTargetPlatformManager: Display: Loaded TargetPlatform 'Android_ETC2'
[2022.04.12-05.10.06:879][  0]LogTargetPlatformManager: Display: Loaded TargetPlatform 'AndroidClient'
[2022.04.12-05.10.06:879][  0]LogTargetPlatformManager: Display: Loaded TargetPlatform 'Android_ASTCClient'
[2022.04.12-05.10.06:879][  0]LogTargetPlatformManager: Display: Loaded TargetPlatform 'Android_DXTClient'
[2022.04.12-05.10.06:879][  0]LogTargetPlatformManager: Display: Loaded TargetPlatform 'Android_ETC2Client'
[2022.04.12-05.10.06:879][  0]LogTargetPlatformManager: Display: Loaded TargetPlatform 'Android_Multi'
[2022.04.12-05.10.06:879][  0]LogTargetPlatformManager: Display: Loaded TargetPlatform 'Android_MultiClient'
[2022.04.12-05.10.06:899][  0]LogTargetPlatformManager: Display: Loaded TargetPlatform 'IOSClient'
[2022.04.12-05.10.06:899][  0]LogTargetPlatformManager: Display: Loaded TargetPlatform 'IOS'
[2022.04.12-05.10.06:912][  0]LogTargetPlatformManager: Display: Loaded TargetPlatform 'Linux'
[2022.04.12-05.10.06:917][  0]LogTargetPlatformManager: Display: Loaded TargetPlatform 'LinuxNoEditor'
[2022.04.12-05.10.06:923][  0]LogTargetPlatformManager: Display: Loaded TargetPlatform 'LinuxClient'
[2022.04.12-05.10.06:927][  0]LogTargetPlatformManager: Display: Loaded TargetPlatform 'LinuxServer'
[2022.04.12-05.10.06:938][  0]LogTargetPlatformManager: Display: Loaded TargetPlatform 'LinuxAArch64NoEditor'
[2022.04.12-05.10.06:944][  0]LogTargetPlatformManager: Display: Loaded TargetPlatform 'LinuxAArch64Client'
[2022.04.12-05.10.06:950][  0]LogTargetPlatformManager: Display: Loaded TargetPlatform 'LinuxAArch64Server'
[2022.04.12-05.10.06:976][  0]LogTargetPlatformManager: Display: Loaded TargetPlatform 'Lumin'
[2022.04.12-05.10.06:976][  0]LogTargetPlatformManager: Display: Loaded TargetPlatform 'LuminClient'
[2022.04.12-05.10.06:986][  0]LogTargetPlatformManager: Display: Loaded TargetPlatform 'MacNoEditor'
[2022.04.12-05.10.06:992][  0]LogTargetPlatformManager: Display: Loaded TargetPlatform 'Mac'
[2022.04.12-05.10.06:996][  0]LogTargetPlatformManager: Display: Loaded TargetPlatform 'MacClient'
[2022.04.12-05.10.07:001][  0]LogTargetPlatformManager: Display: Loaded TargetPlatform 'MacServer'
[2022.04.12-05.10.07:014][  0]LogTargetPlatformManager: Display: Loaded TargetPlatform 'TVOSClient'
[2022.04.12-05.10.07:014][  0]LogTargetPlatformManager: Display: Loaded TargetPlatform 'TVOS'
[2022.04.12-05.10.07:024][  0]LogTargetPlatformManager: Display: Loaded TargetPlatform 'WindowsNoEditor'
[2022.04.12-05.10.07:029][  0]LogTargetPlatformManager: Display: Loaded TargetPlatform 'Windows'
[2022.04.12-05.10.07:035][  0]LogTargetPlatformManager: Display: Loaded TargetPlatform 'WindowsClient'
[2022.04.12-05.10.07:041][  0]LogTargetPlatformManager: Display: Loaded TargetPlatform 'WindowsServer'
[2022.04.12-05.10.07:042][  0]LogTargetPlatformManager: Display: Building Assets For Windows
[2022.04.12-05.10.07:053][  0]LogAudioDebug: Display: Lib vorbis DLL was dynamically loaded.
[2022.04.12-05.10.07:093][  0]LogTextureFormatOodle: Display: Oodle Texture 2.9.0 init RDO Off
[2022.04.12-05.10.07:132][  0]LogRendererCore: Ray tracing is disabled. Reason: r.RayTracing=0.
[2022.04.12-05.10.07:132][  0]LogShaderCompilers: Guid format shader working directory is -23 characters bigger than the processId version (../../../../Users/crayos/Documents/GitHub/PaperWindMoreWind/MyProject8/Intermediate/Shaders/WorkingDirectory/1092/).
[2022.04.12-05.10.07:132][  0]LogShaderCompilers: Cleaned the shader compiler working directory 'C:/Users/crayos/AppData/Local/Temp/UnrealShaderWorkingDir/99A2BAED4691AAD44E49D38B0345653A/'.
[2022.04.12-05.10.07:132][  0]LogXGEController: Cannot use XGE Controller as Incredibuild is not installed on this machine.
[2022.04.12-05.10.07:133][  0]LogShaderCompilers: Cannot use XGE Shader Compiler as Incredibuild is not installed on this machine.
[2022.04.12-05.10.07:133][  0]LogShaderCompilers: Display: Using Local Shader Compiler.
[2022.04.12-05.10.07:951][  0]LogDerivedDataCache: Display: Max Cache Size: 512 MB
[2022.04.12-05.10.08:016][  0]LogDerivedDataCache: Loaded boot cache 0.06s 94MB C:/Users/crayos/AppData/Local/UnrealEngine/4.27/DerivedDataCache/Boot.ddc.
[2022.04.12-05.10.08:016][  0]LogDerivedDataCache: Display: Loaded Boot cache: C:/Users/crayos/AppData/Local/UnrealEngine/4.27/DerivedDataCache/Boot.ddc
[2022.04.12-05.10.08:016][  0]LogDerivedDataCache: FDerivedDataBackendGraph:  Pak pak cache file ../../../../Users/crayos/Documents/GitHub/PaperWindMoreWind/MyProject8/DerivedDataCache/DDC.ddp not found, will not use a pak cache.
[2022.04.12-05.10.08:016][  0]LogDerivedDataCache: Unable to find inner node Pak for hierarchical cache Hierarchy.
[2022.04.12-05.10.08:016][  0]LogDerivedDataCache: FDerivedDataBackendGraph:  CompressedPak pak cache file ../../../../Users/crayos/Documents/GitHub/PaperWindMoreWind/MyProject8/DerivedDataCache/Compressed.ddp not found, will not use a pak cache.
[2022.04.12-05.10.08:016][  0]LogDerivedDataCache: Unable to find inner node CompressedPak for hierarchical cache Hierarchy.
[2022.04.12-05.10.08:033][  0]LogDerivedDataCache: Display: Pak cache opened for reading ../../../Engine/DerivedDataCache/Compressed.ddp.
[2022.04.12-05.10.08:033][  0]LogDerivedDataCache: FDerivedDataBackendGraph:  EnterprisePak pak cache file ../../../Enterprise/DerivedDataCache/Compressed.ddp not found, will not use a pak cache.
[2022.04.12-05.10.08:033][  0]LogDerivedDataCache: Unable to find inner node EnterprisePak for hierarchical cache Hierarchy.
[2022.04.12-05.10.08:054][  0]LogDerivedDataCache: Speed tests for C:/Users/crayos/AppData/Local/UnrealEngine/Common/DerivedDataCache took 0.02 seconds
[2022.04.12-05.10.08:054][  0]LogDerivedDataCache: Display: Performance to C:/Users/crayos/AppData/Local/UnrealEngine/Common/DerivedDataCache: Latency=0.03ms. RandomReadSpeed=570.12MBs, RandomWriteSpeed=49.51MBs. Assigned SpeedClass 'Local'
[2022.04.12-05.10.08:055][  0]LogDerivedDataCache: Using Local data cache path C:/Users/crayos/AppData/Local/UnrealEngine/Common/DerivedDataCache: Writable
[2022.04.12-05.10.08:055][  0]LogDerivedDataCache: Shared data cache path not found in *engine.ini, will not use an Shared cache.
[2022.04.12-05.10.08:055][  0]LogDerivedDataCache: Unable to find inner node Shared for hierarchical cache Hierarchy.
[2022.04.12-05.10.08:104][  0]LogSlate: Using FreeType 2.10.0
[2022.04.12-05.10.08:105][  0]LogSlate: SlateFontServices - WITH_FREETYPE: 1, WITH_HARFBUZZ: 1
[2022.04.12-05.10.08:138][  0]LogAssetRegistry: FAssetRegistry took 0.0052 seconds to start up
[2022.04.12-05.10.08:417][  0]LogInit: Selected Device Profile: [Windows]
[2022.04.12-05.10.08:417][  0]LogInit: Active device profile: [00000139C3598F00][00000139BC7ED8C0 49] Windows
[2022.04.12-05.10.08:417][  0]LogInit: Profiles: [00000139C3598F00][00000139BC7ED8C0 49] Windows, [00000139C3566300][00000139BE35FA40 49] WindowsNoEditor, [00000139C3599F00][00000139BE363BC0 49] WindowsServer, [00000139C3565500][00000139BE3661C0 49] WindowsClient, [00000139C3599000][00000139BE36A340 49] IOS, [00000139C3567C00][00000139BE36E4C0 49] iPadAir, [00000139C359B300][00000139BE372640 49] iPadAir2, [00000139C3521300][00000139B63B4900 49] IPadPro, [00000139C3521400][00000139B63B0940 49] iPadAir3, [00000139C3564B00][00000139BE35AA80 49] iPadAir4, [00000139C3522100][00000139B63B8BC0 49] iPadMini2, [00000139C3567300][00000139B63BCD00 49] iPadMini3, [00000139C3522C00][00000139B63C4E80 49] iPadMini4, [00000139C3566600][00000139B63C9000 49] iPadMini5, [00000139C3538E00][00000139B63D12C0 49] iPhone6, [00000139C3538F00][00000139B63CD300 49] iPodTouch6, [00000139C359A800][00000139B63D95C0 49] iPhone7, [00000139C359A900][00000139B63D5600 49] iPodTouch7, [00000139C3520C00][00000139B63DD780 49] iPhone5S, [00000139C3599300][00000139B63E1900 49] iPhone6Plus, [00000139C3522A00][00000139B63E5A80 49] iPhone6S, [00000139C359AD00][00000139BC30FC00 49] iPhone6SPlus, [00000139C3538100][00000139BC312200 49] iPhone7Plus, [00000139C3521D00][00000139BC316380 49] iPhoneSE, [00000139C3538C00][00000139BC31A500 49] iPhone8, [00000139C3520400][00000139BC31E680 49] iPhone8Plus, [00000139C353AA00][00000139BC322800 49] iPhoneX, [00000139C3523C00][00000139BC326980 49] iPhoneXS, [00000139C353A900][00000139BC32AB00 49] iPhoneXSMax, [00000139C3520B00][00000139B63C0C40 49] iPhoneXR, [00000139C359B800][00000139BC32ED80 49] iPhone11, [00000139C3523D00][00000139BC332EC0 49] iPhone11Pro, [00000139C3599C00][00000139BC33B040 49] iPhone11ProMax, [00000139C3521100][00000139BC33F1C0 49] iPhoneSE2, [00000139C3599200][00000139BC343340 49] iPhone12Mini, [00000139C3523100][00000139BC3474C0 49] iPhone12, [00000139C3598900][00000139BC34B640 49] iPhone12Pro, [00000139C3520D00][00000139BC34F7C0 49] iPhone12ProMax, [00000139C359BC00][00000139BC353940 49] iPadPro105, [00000139C3523700][00000139BC357AC0 49] iPadPro129, [00000139C359B000][00000139BC35A0C0 49] iPadPro97, [00000139C3520F00][00000139C2E32240 49] iPadPro2_129, [00000139C3598C00][00000139C2E363C0 49] iPad5, [00000139C3523B00][00000139C2E3A540 49] iPad6, [00000139C3598400][00000139C2E3E6C0 49] iPad7, [00000139C3523E00][00000139C2E42840 49] iPad8, [00000139C3599B00][00000139C2E469C0 49] iPadPro11, [00000139C3522400][00000139C2E4AB40 49] iPadPro2_11, [00000139C3598800][00000139C2E4ECC0 49] iPadPro3_129, [00000139C3522800][00000139BC336E00 49] iPadPro4_129, [00000139C359AF00][00000139C2E52F40 49] AppleTV, [00000139C3521200][00000139C2E57080 49] AppleTV4K, [00000139C3599700][00000139C2E5B1C0 49] TVOS, [00000139C3523600][00000139C2E63340 49] Mac, [00000139C359BA00][00000139C2E674C0 49] MacClient, [00000139C3522500][00000139C2E6B640 49] MacNoEditor, [00000139C3598500][00000139C2E6F7C0 49] MacServer, [00000139C3522000][00000139C2E73940 49] Linux, [00000139C359BB00][00000139C2E77AC0 49] LinuxAArch64, [00000139C3520300][00000139C2E7A0C0 49] LinuxNoEditor, [00000139C359B700][00000139C2E7E240 49] LinuxAArch64NoEditor, [00000139C3522600][00000139C2E823C0 49] LinuxClient, [00000139C359A600][00000139C2E86540 49] LinuxAArch64Client, [00000139C3521A00][00000139C2E8A6C0 49] LinuxServer, [00000139C3598200][00000139C2E8E840 49] LinuxAArch64Server, [00000139C3521600][00000139C2E929C0 49] Android, [00000139C359A100][00000139C2E96B40 49] Android_Low, [00000139C3523800][00000139C2E9ACC0 49] Android_Mid, [00000139C3598600][00000139C2E9EE40 49] Android_High, [00000139C3522300][00000139C2E5EF80 49] Android_Default, [00000139C359A300][00000139C2EA30C0 49] Android_Adreno4xx, [00000139C3523000][00000139C2EA7200 49] Android_Adreno5xx_Low, [00000139C359AA00][00000139C2EAB340 49] Android_Adreno5xx, [00000139C3520100][00000139BD7394C0 49] Android_Adreno6xx, [00000139C3598B00][00000139BD73D640 49] Android_Adreno6xx_Vulkan, [00000139C3520A00][00000139BD7417C0 49] Android_Mali_T6xx, [00000139C3598700][00000139BD745940 49] Android_Mali_T7xx, [00000139C3565900][00000139BD749AC0 49] Android_Mali_T8xx, [00000139C3538300][00000139BD74C0C0 49] Android_Mali_G71, [00000139C3564600][00000139BD750240 49] Android_Mali_G72, [00000139C3539200][00000139C2C4E3C0 49] Android_Mali_G72_Vulkan, [00000139C3567A00][00000139C2C52540 49] Android_Mali_G76, [00000139C3538700][00000139C2C566C0 49] Android_Mali_G76_Vulkan, [00000139C3567900][00000139C2C80840 49] Android_Mali_G77, [00000139C353BB00][00000139C2C849C0 49] Android_Mali_G77_Vulkan, [00000139C3565A00][00000139C2CACB40 49] Android_Mali_G78, [00000139C353B100][00000139C2CB0CC0 49] Android_Mali_G78_Vulkan, [00000139C3567800][00000139C3EFAE40 49] Android_Mali_G710, [00000139C353AC00][00000139C3F4EFC0 49] Android_Mali_G710_Vulkan, [00000139C3567500][00000139C3F53140 49] Android_Vulkan_SM5, [00000139C353B800][00000139BD735280 49] Android_PowerVR_G6xxx, [00000139C3565800][00000139C3F573C0 49] Android_PowerVR_GT7xxx, [00000139C3539D00][00000139C3F5B500 49] Android_PowerVR_GE8xxx, [00000139C3566C00][00000139C2E0D680 49] Android_PowerVR_GM9xxx, [00000139C3538800][00000139C2E29800 49] Android_PowerVR_GM9xxx_Vulkan, [00000139C3565B00][00000139C2E2D980 49] Android_TegraK1, [00000139C3539000][00000139BCF01B00 49] Android_Unknown_Vulkan, [00000139C3566200][00000139BCF08100 49] Lumin, [00000139C353BE00][00000139BCF16280 49] Lumin_Desktop, [00000139C3566A00][00000139C3F62400 49] HoloLens, 
[2022.04.12-05.10.08:570][  0]LogMeshReduction: Using QuadricMeshReduction for automatic static mesh reduction
[2022.04.12-05.10.08:570][  0]LogMeshReduction: Using SimplygonMeshReduction for automatic skeletal mesh reduction
[2022.04.12-05.10.08:570][  0]LogMeshReduction: Using ProxyLODMeshReduction for automatic mesh merging
[2022.04.12-05.10.08:570][  0]LogMeshReduction: No distributed automatic mesh merging module available
[2022.04.12-05.10.08:570][  0]LogMeshMerging: No distributed automatic mesh merging module available
[2022.04.12-05.10.08:591][  0]LogNetVersion: MyProject8 1.0.0, NetCL: 17155196, EngineNetVer: 17, GameNetVer: 0 (Checksum: 130267062)
[2022.04.12-05.10.09:038][  0]LogTexture: Default maximum texture size for cubemaps generated from long-lat sources has been changed from 512 to unlimited. In order to preserve old behaiour for '/Engine/MapTemplates/Sky/DaylightAmbientCubemap.DaylightAmbientCubemap', its maximum texture size has been explicitly set to 512.
[2022.04.12-05.10.09:116][  0]LogHMD: PokeAHoleMaterial loaded successfully
[2022.04.12-05.10.09:123][  0]LogUObjectArray: 17178 objects as part of root set at end of initial load.
[2022.04.12-05.10.09:123][  0]LogUObjectAllocator: 4302048 out of 0 bytes used by permanent object pool.
[2022.04.12-05.10.09:123][  0]LogUObjectArray: CloseDisregardForGC: 0/0 objects in disregard for GC pool
[2022.04.12-05.10.09:447][  0]LogNiagaraDebuggerClient: Niagara Debugger Client Initialized | Session: 0C0BF485461CAC8FC2EFB99045CCA94A | Instance: 144DFBA94757A53262BED7A6FC762254 (MEL-108-2527W-1092).
[2022.04.12-05.10.09:580][  0]LogPython: Using Python 3.7.7
[2022.04.12-05.10.10:173][  0]LogTcpMessaging: Initializing TcpMessaging bridge
[2022.04.12-05.10.10:179][  0]LogUdpMessaging: Initializing bridge on interface 0.0.0.0:0 to multicast group 230.0.0.1:6666.
[2022.04.12-05.10.10:463][  0]SourceControl: Source control is disabled
[2022.04.12-05.10.10:464][  0]SourceControl: Source control is disabled
[2022.04.12-05.10.10:467][  0]SourceControl: Source control is disabled
[2022.04.12-05.10.10:472][  0]SourceControl: Source control is disabled
[2022.04.12-05.10.10:483][  0]SourceControl: Source control is disabled
[2022.04.12-05.10.10:492][  0]LogUProjectInfo: Found projects:
[2022.04.12-05.10.10:687][  0]LogOpenImageDenoise: OIDN starting up
[2022.04.12-05.10.10:730][  0]LogAndroidPermission: UAndroidPermissionCallbackProxy::GetInstance
[2022.04.12-05.10.10:763][  0]LogAudioCaptureCore: Display: No Audio Capture implementations found. Audio input will be silent.
[2022.04.12-05.10.10:763][  0]LogAudioCaptureCore: Display: No Audio Capture implementations found. Audio input will be silent.
[2022.04.12-05.10.10:918][  0]LogCollectionManager: Loaded 0 collections in 0.002332 seconds
[2022.04.12-05.10.10:948][  0]LogFileCache: Scanning file cache for directory 'C:/Users/crayos/Documents/GitHub/PaperWindMoreWind/MyProject8/Saved/Collections/' took 0.00s
[2022.04.12-05.10.10:948][  0]LogFileCache: Scanning file cache for directory 'C:/Users/crayos/Documents/GitHub/PaperWindMoreWind/MyProject8/Content/Developers/crayos/Collections/' took 0.00s
[2022.04.12-05.10.10:948][  0]LogFileCache: Scanning file cache for directory 'C:/Users/crayos/Documents/GitHub/PaperWindMoreWind/MyProject8/Content/Collections/' took 0.00s
[2022.04.12-05.10.10:948][  0]LogOcInput: OculusInput pre-init called
[2022.04.12-05.10.11:229][  0]LogEngine: Initializing Engine...
[2022.04.12-05.10.11:232][  0]LogHMD: Failed to enumerate extensions. Please check that you have a valid OpenXR runtime installed.
[2022.04.12-05.10.11:232][  0]LogHMD: Failed to initialize OpenVR with code 110
[2022.04.12-05.10.11:232][  0]LogMagicLeap: Warning: VR disabled because ZI is not enabled.  To enable, in the editor, Edit -> Project Settings -> Plugins -> Magic Leap Plugin -> Enable Zero Iteration
[2022.04.12-05.10.11:233][  0]LogStats: UGameplayTagsManager::InitializeManager -  0.000 s
[2022.04.12-05.10.11:385][  0]LogInit: Initializing FReadOnlyCVARCache
[2022.04.12-05.10.11:394][  0]LogAIModule: Creating AISystem for world Untitled
[2022.04.12-05.10.11:399][  0]LogAudio: Display: Initializing Audio Device Manager...
[2022.04.12-05.10.11:405][  0]LogAudio: Display: Loading Default Audio Settings Objects...
[2022.04.12-05.10.11:406][  0]LogAudio: Display: No default SoundConcurrencyObject specified (or failed to load).
[2022.04.12-05.10.11:406][  0]LogAudio: Display: Audio Device Manager Initialized
[2022.04.12-05.10.11:406][  0]LogAudio: Display: Creating Audio Device:                 Id: 1, Scope: Shared, Realtime: True
[2022.04.12-05.10.11:406][  0]LogAudioMixer: Display: Audio Mixer Platform Settings:
[2022.04.12-05.10.11:406][  0]LogAudioMixer: Display: 	Sample Rate:						  48000
[2022.04.12-05.10.11:406][  0]LogAudioMixer: Display: 	Callback Buffer Frame Size Requested: 1024
[2022.04.12-05.10.11:406][  0]LogAudioMixer: Display: 	Callback Buffer Frame Size To Use:	  1024
[2022.04.12-05.10.11:406][  0]LogAudioMixer: Display: 	Number of buffers to queue:			  2
[2022.04.12-05.10.11:406][  0]LogAudioMixer: Display: 	Max Channels (voices):				  32
[2022.04.12-05.10.11:406][  0]LogAudioMixer: Display: 	Number of Async Source Workers:		  0
[2022.04.12-05.10.11:406][  0]LogAudio: Display: AudioDevice MaxSources: 32
[2022.04.12-05.10.11:407][  0]LogAudio: Display: Audio Spatialization Plugin: None (built-in).
[2022.04.12-05.10.11:407][  0]LogAudio: Display: Audio Reverb Plugin: None (built-in).
[2022.04.12-05.10.11:407][  0]LogAudio: Display: Audio Occlusion Plugin: None (built-in).
[2022.04.12-05.10.11:407][  0]LogAudioMixer: Display: Initializing audio mixer.
[2022.04.12-05.10.11:429][  0]LogAudioMixer: Display: 0: FrontLeft
[2022.04.12-05.10.11:429][  0]LogAudioMixer: Display: 1: FrontRight
[2022.04.12-05.10.11:464][  0]LogAudioMixer: Display: Using Audio Device Realtek Digital Output (Realtek High Definition Audio)
[2022.04.12-05.10.11:467][  0]LogAudioMixer: Display: Initializing Sound Submixes...
[2022.04.12-05.10.11:470][  0]LogAudioMixer: Display: Creating Master Submix 'MasterSubmixDefault'
[2022.04.12-05.10.11:471][  0]LogAudioMixer: Display: Creating Master Submix 'MasterReverbSubmixDefault'
[2022.04.12-05.10.11:472][  0]LogAudioMixer: Display: Creating Master Submix 'MasterEQSubmixDefault'
[2022.04.12-05.10.11:472][  0]LogAudioMixer: FMixerPlatformXAudio2::StartAudioStream() called
[2022.04.12-05.10.11:472][  0]LogAudioMixer: Display: Output buffers initialized: Frames=1024, Channels=2, Samples=2048
[2022.04.12-05.10.11:474][  0]LogAudioMixer: Display: Starting AudioMixerPlatformInterface::RunInternal()
[2022.04.12-05.10.11:474][  0]LogAudioMixer: Display: FMixerPlatformXAudio2::SubmitBuffer() called for the first time
[2022.04.12-05.10.11:474][  0]LogInit: FAudioDevice initialized.
[2022.04.12-05.10.11:474][  0]LogAudio: Display: Audio Device (ID: 1) registered with world 'Untitled'.
[2022.04.12-05.10.11:474][  0]LogNetVersion: Set ProjectVersion to 1.0.0.0. Version Checksum will be recalculated on next use.
[2022.04.12-05.10.11:569][  0]LogDerivedDataCache: Saved boot cache 0.09s 94MB C:/Users/crayos/AppData/Local/UnrealEngine/4.27/DerivedDataCache/Boot.ddc.
[2022.04.12-05.10.11:571][  0]LogInit: Texture streaming: Enabled
[2022.04.12-05.10.11:587][  0]LogAnalytics: Display: [UEEditor.Rocket.Release] APIServer = https://datarouter.ol.epicgames.com/. AppVersion = 4.27.2-18319896+++UE4+Release-4.27
[2022.04.12-05.10.11:593][  0]LogEngineSessionManager: EngineSessionManager initialized
[2022.04.12-05.10.11:594][  0]LogEditorSessionSummary: Verbose: Initializing EditorSessionSummaryWriter for editor session tracking
[2022.04.12-05.10.11:600][  0]LogEditorSessionSummary: EditorSessionSummaryWriter initialized
[2022.04.12-05.10.11:635][  0]LogInit: Transaction tracking system initialized
[2022.04.12-05.10.11:664][  0]BlueprintLog: New page: Editor Load
[2022.04.12-05.10.11:748][  0]LocalizationService: Localization service is disabled
[2022.04.12-05.10.11:780][  0]TimingProfiler: Initialize
[2022.04.12-05.10.11:780][  0]TimingProfiler: OnSessionChanged
[2022.04.12-05.10.11:780][  0]LoadingProfiler: Initialize
[2022.04.12-05.10.11:780][  0]LoadingProfiler: OnSessionChanged
[2022.04.12-05.10.11:780][  0]NetworkingProfiler: Initialize
[2022.04.12-05.10.11:781][  0]NetworkingProfiler: OnSessionChanged
[2022.04.12-05.10.11:781][  0]MemoryProfiler: Initialize
[2022.04.12-05.10.11:781][  0]MemoryProfiler: OnSessionChanged
[2022.04.12-05.10.11:981][  0]LogCook: Display: CookSettings for Memory: MemoryMaxUsedVirtual 0MiB, MemoryMaxUsedPhysical 16384MiB, MemoryMinFreeVirtual 0MiB, MemoryMinFreePhysical 1024MiB
[2022.04.12-05.10.11:981][  0]LogCook: Display: Mobile HDR setting 1
[2022.04.12-05.10.12:208][  0]LogFileCache: Scanning file cache for directory 'C:/Users/crayos/Documents/GitHub/PaperWindMoreWind/MyProject8/Content/' took 0.00s
[2022.04.12-05.10.12:447][  0]LogInit: Display: Engine is initialized. Leaving FEngineLoop::Init()
[2022.04.12-05.10.12:453][  0]SourceControl: Source control is disabled
[2022.04.12-05.10.12:453][  0]LogUnrealEdMisc: Loading editor; pre map load, took 8.274
[2022.04.12-05.10.12:453][  0]Cmd: MAP LOAD FILE="../../../../Users/crayos/Documents/GitHub/PaperWindMoreWind/MyProject8/Content/ThirdPersonBP/Maps/ThirdPersonExampleMap.umap" TEMPLATE=0 SHOWPROGRESS=1 FEATURELEVEL=3
[2022.04.12-05.10.12:454][  0]LightingResults: New page: Lighting Build
[2022.04.12-05.10.12:455][  0]LogWorld: UWorld::CleanupWorld for Untitled, bSessionEnded=true, bCleanupResources=true
[2022.04.12-05.10.12:455][  0]LogSlate: InvalidateAllWidgets triggered.  All widgets were invalidated
[2022.04.12-05.10.12:455][  0]MapCheck: New page: Map Check
[2022.04.12-05.10.12:455][  0]LightingResults: New page: Lighting Build
[2022.04.12-05.10.12:459][  0]LogAudio: Display: Audio Device unregistered from world 'None'.
[2022.04.12-05.10.12:462][  0]LogUObjectHash: Compacting FUObjectHashTables data took   0.72ms
[2022.04.12-05.10.12:746][  0]LogAudio: Display: Audio Device (ID: 1) registered with world 'ThirdPersonExampleMap'.
[2022.04.12-05.10.12:747][  0]LogAIModule: Creating AISystem for world ThirdPersonExampleMap
[2022.04.12-05.10.12:756][  0]LogEditorServer: Finished looking for orphan Actors (0.000 secs)
[2022.04.12-05.10.12:764][  0]LogUObjectHash: Compacting FUObjectHashTables data took   0.76ms
[2022.04.12-05.10.12:765][  0]Cmd: MAP CHECKDEP NOCLEARLOG
[2022.04.12-05.10.12:765][  0]MapCheck: Map check complete: 0 Error(s), 0 Warning(s), took 0.134ms to complete.
[2022.04.12-05.10.12:765][  0]LogFileHelpers: Loading map 'ThirdPersonExampleMap' took 0.311
[2022.04.12-05.10.12:767][  0]LogUnrealEdMisc: Total Editor Startup Time, took 8.586
[2022.04.12-05.10.12:853][  0]LogSlate: Updating window title bar state: overlay mode, drag disabled, window buttons hidden, title bar hidden
[2022.04.12-05.10.12:859][  0]LogSlate: Updating window title bar state: overlay mode, drag disabled, window buttons hidden, title bar hidden
[2022.04.12-05.10.12:865][  0]LogSlate: Updating window title bar state: overlay mode, drag disabled, window buttons hidden, title bar hidden
[2022.04.12-05.10.12:872][  0]LogSlate: Updating window title bar state: overlay mode, drag disabled, window buttons hidden, title bar hidden
[2022.04.12-05.10.12:890][  0]LogNativeClassHierarchy: Verbose: Native class hierarchy populated in 0.0100 seconds. Added 3822 classes and 928 folders.
[2022.04.12-05.10.12:892][  0]LogNativeClassHierarchy: Verbose: Native class hierarchy updated for 'WidgetCarousel' in 0.0002 seconds. Added 0 classes and 0 folders.
[2022.04.12-05.10.12:894][  0]LogPakFile: PakFile PrimaryIndexSize=187
[2022.04.12-05.10.12:894][  0]LogPakFile: PakFile PathHashIndexSize=101
[2022.04.12-05.10.12:894][  0]LogPakFile: PakFile FullDirectoryIndexSize=148
[2022.04.12-05.10.12:894][  0]LogShaderLibrary: Display: ShaderCodeLibraryPakFileMountedCallback: PakFile 'C:/UE_4.27/FeaturePacks/FP_FirstPerson.upack' (chunk index -1, root 'root:/') mounted
[2022.04.12-05.10.12:894][  0]LogShaderLibrary: Display: ShaderCodeLibraryPakFileMountedCallback: pending pak file info (ChunkID:-1 Root:root:/ File:C:/UE_4.27/FeaturePacks/FP_FirstPerson.upack)
[2022.04.12-05.10.12:894][  0]LogPakFile: OnPakFileMounted2Time == 0.000055
[2022.04.12-05.10.12:895][  0]LogPakFile: PakFile PrimaryIndexSize=189
[2022.04.12-05.10.12:895][  0]LogPakFile: PakFile PathHashIndexSize=101
[2022.04.12-05.10.12:895][  0]LogPakFile: PakFile FullDirectoryIndexSize=152
[2022.04.12-05.10.12:895][  0]LogShaderLibrary: Display: ShaderCodeLibraryPakFileMountedCallback: PakFile 'C:/UE_4.27/FeaturePacks/FP_FirstPersonBP.upack' (chunk index -1, root 'root:/') mounted
[2022.04.12-05.10.12:895][  0]LogShaderLibrary: Display: ShaderCodeLibraryPakFileMountedCallback: pending pak file info (ChunkID:-1 Root:root:/ File:C:/UE_4.27/FeaturePacks/FP_FirstPersonBP.upack)
[2022.04.12-05.10.12:895][  0]LogPakFile: OnPakFileMounted2Time == 0.000039
[2022.04.12-05.10.12:896][  0]LogPakFile: PakFile PrimaryIndexSize=191
[2022.04.12-05.10.12:896][  0]LogPakFile: PakFile PathHashIndexSize=101
[2022.04.12-05.10.12:896][  0]LogPakFile: PakFile FullDirectoryIndexSize=160
[2022.04.12-05.10.12:896][  0]LogShaderLibrary: Display: ShaderCodeLibraryPakFileMountedCallback: PakFile 'C:/UE_4.27/FeaturePacks/MobileStarterContent.upack' (chunk index -1, root 'root:/') mounted
[2022.04.12-05.10.12:896][  0]LogShaderLibrary: Display: ShaderCodeLibraryPakFileMountedCallback: pending pak file info (ChunkID:-1 Root:root:/ File:C:/UE_4.27/FeaturePacks/MobileStarterContent.upack)
[2022.04.12-05.10.12:896][  0]LogPakFile: OnPakFileMounted2Time == 0.000035
[2022.04.12-05.10.12:896][  0]LogPakFile: PakFile PrimaryIndexSize=185
[2022.04.12-05.10.12:896][  0]LogPakFile: PakFile PathHashIndexSize=101
[2022.04.12-05.10.12:896][  0]LogPakFile: PakFile FullDirectoryIndexSize=148
[2022.04.12-05.10.12:896][  0]LogShaderLibrary: Display: ShaderCodeLibraryPakFileMountedCallback: PakFile 'C:/UE_4.27/FeaturePacks/StarterContent.upack' (chunk index -1, root 'root:/') mounted
[2022.04.12-05.10.12:896][  0]LogShaderLibrary: Display: ShaderCodeLibraryPakFileMountedCallback: pending pak file info (ChunkID:-1 Root:root:/ File:C:/UE_4.27/FeaturePacks/StarterContent.upack)
[2022.04.12-05.10.12:896][  0]LogPakFile: OnPakFileMounted2Time == 0.000036
[2022.04.12-05.10.12:897][  0]LogPakFile: PakFile PrimaryIndexSize=190
[2022.04.12-05.10.12:897][  0]LogPakFile: PakFile PathHashIndexSize=101
[2022.04.12-05.10.12:897][  0]LogPakFile: PakFile FullDirectoryIndexSize=154
[2022.04.12-05.10.12:897][  0]LogShaderLibrary: Display: ShaderCodeLibraryPakFileMountedCallback: PakFile 'C:/UE_4.27/FeaturePacks/TP_2DSideScroller.upack' (chunk index -1, root 'root:/') mounted
[2022.04.12-05.10.12:897][  0]LogShaderLibrary: Display: ShaderCodeLibraryPakFileMountedCallback: pending pak file info (ChunkID:-1 Root:root:/ File:C:/UE_4.27/FeaturePacks/TP_2DSideScroller.upack)
[2022.04.12-05.10.12:897][  0]LogPakFile: OnPakFileMounted2Time == 0.000034
[2022.04.12-05.10.12:898][  0]LogPakFile: PakFile PrimaryIndexSize=192
[2022.04.12-05.10.12:898][  0]LogPakFile: PakFile PathHashIndexSize=101
[2022.04.12-05.10.12:898][  0]LogPakFile: PakFile FullDirectoryIndexSize=158
[2022.04.12-05.10.12:898][  0]LogShaderLibrary: Display: ShaderCodeLibraryPakFileMountedCallback: PakFile 'C:/UE_4.27/FeaturePacks/TP_2DSideScrollerBP.upack' (chunk index -1, root 'root:/') mounted
[2022.04.12-05.10.12:898][  0]LogShaderLibrary: Display: ShaderCodeLibraryPakFileMountedCallback: pending pak file info (ChunkID:-1 Root:root:/ File:C:/UE_4.27/FeaturePacks/TP_2DSideScrollerBP.upack)
[2022.04.12-05.10.12:898][  0]LogPakFile: OnPakFileMounted2Time == 0.000035
[2022.04.12-05.10.12:898][  0]LogPakFile: PakFile PrimaryIndexSize=182
[2022.04.12-05.10.12:898][  0]LogPakFile: PakFile PathHashIndexSize=101
[2022.04.12-05.10.12:898][  0]LogPakFile: PakFile FullDirectoryIndexSize=138
[2022.04.12-05.10.12:898][  0]LogShaderLibrary: Display: ShaderCodeLibraryPakFileMountedCallback: PakFile 'C:/UE_4.27/FeaturePacks/TP_Flying.upack' (chunk index -1, root 'root:/') mounted
[2022.04.12-05.10.12:898][  0]LogShaderLibrary: Display: ShaderCodeLibraryPakFileMountedCallback: pending pak file info (ChunkID:-1 Root:root:/ File:C:/UE_4.27/FeaturePacks/TP_Flying.upack)
[2022.04.12-05.10.12:898][  0]LogPakFile: OnPakFileMounted2Time == 0.000034
[2022.04.12-05.10.12:899][  0]LogPakFile: PakFile PrimaryIndexSize=184
[2022.04.12-05.10.12:899][  0]LogPakFile: PakFile PathHashIndexSize=101
[2022.04.12-05.10.12:899][  0]LogPakFile: PakFile FullDirectoryIndexSize=142
[2022.04.12-05.10.12:899][  0]LogShaderLibrary: Display: ShaderCodeLibraryPakFileMountedCallback: PakFile 'C:/UE_4.27/FeaturePacks/TP_FlyingBP.upack' (chunk index -1, root 'root:/') mounted
[2022.04.12-05.10.12:899][  0]LogShaderLibrary: Display: ShaderCodeLibraryPakFileMountedCallback: pending pak file info (ChunkID:-1 Root:root:/ File:C:/UE_4.27/FeaturePacks/TP_FlyingBP.upack)
[2022.04.12-05.10.12:899][  0]LogPakFile: OnPakFileMounted2Time == 0.000034
[2022.04.12-05.10.12:900][  0]LogPakFile: PakFile PrimaryIndexSize=188
[2022.04.12-05.10.12:900][  0]LogPakFile: PakFile PathHashIndexSize=101
[2022.04.12-05.10.12:900][  0]LogPakFile: PakFile FullDirectoryIndexSize=150
[2022.04.12-05.10.12:900][  0]LogShaderLibrary: Display: ShaderCodeLibraryPakFileMountedCallback: PakFile 'C:/UE_4.27/FeaturePacks/TP_HandheldARBP.upack' (chunk index -1, root 'root:/') mounted
[2022.04.12-05.10.12:900][  0]LogShaderLibrary: Display: ShaderCodeLibraryPakFileMountedCallback: pending pak file info (ChunkID:-1 Root:root:/ File:C:/UE_4.27/FeaturePacks/TP_HandheldARBP.upack)
[2022.04.12-05.10.12:900][  0]LogPakFile: OnPakFileMounted2Time == 0.000034
[2022.04.12-05.10.12:900][  0]LogPakFile: PakFile PrimaryIndexSize=182
[2022.04.12-05.10.12:900][  0]LogPakFile: PakFile PathHashIndexSize=101
[2022.04.12-05.10.12:901][  0]LogPakFile: PakFile FullDirectoryIndexSize=138
[2022.04.12-05.10.12:901][  0]LogShaderLibrary: Display: ShaderCodeLibraryPakFileMountedCallback: PakFile 'C:/UE_4.27/FeaturePacks/TP_Puzzle.upack' (chunk index -1, root 'root:/') mounted
[2022.04.12-05.10.12:901][  0]LogShaderLibrary: Display: ShaderCodeLibraryPakFileMountedCallback: pending pak file info (ChunkID:-1 Root:root:/ File:C:/UE_4.27/FeaturePacks/TP_Puzzle.upack)
[2022.04.12-05.10.12:901][  0]LogPakFile: OnPakFileMounted2Time == 0.000039
[2022.04.12-05.10.12:901][  0]LogPakFile: PakFile PrimaryIndexSize=184
[2022.04.12-05.10.12:902][  0]LogPakFile: PakFile PathHashIndexSize=101
[2022.04.12-05.10.12:902][  0]LogPakFile: PakFile FullDirectoryIndexSize=142
[2022.04.12-05.10.12:902][  0]LogShaderLibrary: Display: ShaderCodeLibraryPakFileMountedCallback: PakFile 'C:/UE_4.27/FeaturePacks/TP_PuzzleBP.upack' (chunk index -1, root 'root:/') mounted
[2022.04.12-05.10.12:902][  0]LogShaderLibrary: Display: ShaderCodeLibraryPakFileMountedCallback: pending pak file info (ChunkID:-1 Root:root:/ File:C:/UE_4.27/FeaturePacks/TP_PuzzleBP.upack)
[2022.04.12-05.10.12:902][  0]LogPakFile: OnPakFileMounted2Time == 0.000038
[2022.04.12-05.10.12:902][  0]LogPakFile: PakFile PrimaryIndexSize=183
[2022.04.12-05.10.12:902][  0]LogPakFile: PakFile PathHashIndexSize=101
[2022.04.12-05.10.12:902][  0]LogPakFile: PakFile FullDirectoryIndexSize=140
[2022.04.12-05.10.12:902][  0]LogShaderLibrary: Display: ShaderCodeLibraryPakFileMountedCallback: PakFile 'C:/UE_4.27/FeaturePacks/TP_Rolling.upack' (chunk index -1, root 'root:/') mounted
[2022.04.12-05.10.12:902][  0]LogShaderLibrary: Display: ShaderCodeLibraryPakFileMountedCallback: pending pak file info (ChunkID:-1 Root:root:/ File:C:/UE_4.27/FeaturePacks/TP_Rolling.upack)
[2022.04.12-05.10.12:902][  0]LogPakFile: OnPakFileMounted2Time == 0.000036
[2022.04.12-05.10.12:903][  0]LogPakFile: PakFile PrimaryIndexSize=185
[2022.04.12-05.10.12:903][  0]LogPakFile: PakFile PathHashIndexSize=101
[2022.04.12-05.10.12:903][  0]LogPakFile: PakFile FullDirectoryIndexSize=144
[2022.04.12-05.10.12:903][  0]LogShaderLibrary: Display: ShaderCodeLibraryPakFileMountedCallback: PakFile 'C:/UE_4.27/FeaturePacks/TP_RollingBP.upack' (chunk index -1, root 'root:/') mounted
[2022.04.12-05.10.12:903][  0]LogShaderLibrary: Display: ShaderCodeLibraryPakFileMountedCallback: pending pak file info (ChunkID:-1 Root:root:/ File:C:/UE_4.27/FeaturePacks/TP_RollingBP.upack)
[2022.04.12-05.10.12:903][  0]LogPakFile: OnPakFileMounted2Time == 0.000035
[2022.04.12-05.10.12:904][  0]LogPakFile: PakFile PrimaryIndexSize=188
[2022.04.12-05.10.12:904][  0]LogPakFile: PakFile PathHashIndexSize=101
[2022.04.12-05.10.12:904][  0]LogPakFile: PakFile FullDirectoryIndexSize=150
[2022.04.12-05.10.12:904][  0]LogShaderLibrary: Display: ShaderCodeLibraryPakFileMountedCallback: PakFile 'C:/UE_4.27/FeaturePacks/TP_SideScroller.upack' (chunk index -1, root 'root:/') mounted
[2022.04.12-05.10.12:904][  0]LogShaderLibrary: Display: ShaderCodeLibraryPakFileMountedCallback: pending pak file info (ChunkID:-1 Root:root:/ File:C:/UE_4.27/FeaturePacks/TP_SideScroller.upack)
[2022.04.12-05.10.12:904][  0]LogPakFile: OnPakFileMounted2Time == 0.000035
[2022.04.12-05.10.12:904][  0]LogPakFile: PakFile PrimaryIndexSize=190
[2022.04.12-05.10.12:904][  0]LogPakFile: PakFile PathHashIndexSize=101
[2022.04.12-05.10.12:904][  0]LogPakFile: PakFile FullDirectoryIndexSize=154
[2022.04.12-05.10.12:904][  0]LogShaderLibrary: Display: ShaderCodeLibraryPakFileMountedCallback: PakFile 'C:/UE_4.27/FeaturePacks/TP_SideScrollerBP.upack' (chunk index -1, root 'root:/') mounted
[2022.04.12-05.10.12:904][  0]LogShaderLibrary: Display: ShaderCodeLibraryPakFileMountedCallback: pending pak file info (ChunkID:-1 Root:root:/ File:C:/UE_4.27/FeaturePacks/TP_SideScrollerBP.upack)
[2022.04.12-05.10.12:904][  0]LogPakFile: OnPakFileMounted2Time == 0.000035
[2022.04.12-05.10.12:905][  0]LogPakFile: PakFile PrimaryIndexSize=187
[2022.04.12-05.10.12:905][  0]LogPakFile: PakFile PathHashIndexSize=101
[2022.04.12-05.10.12:905][  0]LogPakFile: PakFile FullDirectoryIndexSize=148
[2022.04.12-05.10.12:905][  0]LogShaderLibrary: Display: ShaderCodeLibraryPakFileMountedCallback: PakFile 'C:/UE_4.27/FeaturePacks/TP_ThirdPerson.upack' (chunk index -1, root 'root:/') mounted
[2022.04.12-05.10.12:905][  0]LogShaderLibrary: Display: ShaderCodeLibraryPakFileMountedCallback: pending pak file info (ChunkID:-1 Root:root:/ File:C:/UE_4.27/FeaturePacks/TP_ThirdPerson.upack)
[2022.04.12-05.10.12:905][  0]LogPakFile: OnPakFileMounted2Time == 0.000035
[2022.04.12-05.10.12:906][  0]LogPakFile: PakFile PrimaryIndexSize=189
[2022.04.12-05.10.12:906][  0]LogPakFile: PakFile PathHashIndexSize=101
[2022.04.12-05.10.12:906][  0]LogPakFile: PakFile FullDirectoryIndexSize=152
[2022.04.12-05.10.12:906][  0]LogShaderLibrary: Display: ShaderCodeLibraryPakFileMountedCallback: PakFile 'C:/UE_4.27/FeaturePacks/TP_ThirdPersonBP.upack' (chunk index -1, root 'root:/') mounted
[2022.04.12-05.10.12:906][  0]LogShaderLibrary: Display: ShaderCodeLibraryPakFileMountedCallback: pending pak file info (ChunkID:-1 Root:root:/ File:C:/UE_4.27/FeaturePacks/TP_ThirdPersonBP.upack)
[2022.04.12-05.10.12:906][  0]LogPakFile: OnPakFileMounted2Time == 0.000035
[2022.04.12-05.10.12:906][  0]LogPakFile: PakFile PrimaryIndexSize=183
[2022.04.12-05.10.12:906][  0]LogPakFile: PakFile PathHashIndexSize=101
[2022.04.12-05.10.12:907][  0]LogPakFile: PakFile FullDirectoryIndexSize=140
[2022.04.12-05.10.12:907][  0]LogShaderLibrary: Display: ShaderCodeLibraryPakFileMountedCallback: PakFile 'C:/UE_4.27/FeaturePacks/TP_TopDown.upack' (chunk index -1, root 'root:/') mounted
[2022.04.12-05.10.12:907][  0]LogShaderLibrary: Display: ShaderCodeLibraryPakFileMountedCallback: pending pak file info (ChunkID:-1 Root:root:/ File:C:/UE_4.27/FeaturePacks/TP_TopDown.upack)
[2022.04.12-05.10.12:907][  0]LogPakFile: OnPakFileMounted2Time == 0.000057
[2022.04.12-05.10.12:907][  0]LogPakFile: PakFile PrimaryIndexSize=185
[2022.04.12-05.10.12:907][  0]LogPakFile: PakFile PathHashIndexSize=101
[2022.04.12-05.10.12:907][  0]LogPakFile: PakFile FullDirectoryIndexSize=144
[2022.04.12-05.10.12:907][  0]LogShaderLibrary: Display: ShaderCodeLibraryPakFileMountedCallback: PakFile 'C:/UE_4.27/FeaturePacks/TP_TopDownBP.upack' (chunk index -1, root 'root:/') mounted
[2022.04.12-05.10.12:907][  0]LogShaderLibrary: Display: ShaderCodeLibraryPakFileMountedCallback: pending pak file info (ChunkID:-1 Root:root:/ File:C:/UE_4.27/FeaturePacks/TP_TopDownBP.upack)
[2022.04.12-05.10.12:907][  0]LogPakFile: OnPakFileMounted2Time == 0.000034
[2022.04.12-05.10.12:908][  0]LogPakFile: PakFile PrimaryIndexSize=185
[2022.04.12-05.10.12:908][  0]LogPakFile: PakFile PathHashIndexSize=101
[2022.04.12-05.10.12:908][  0]LogPakFile: PakFile FullDirectoryIndexSize=144
[2022.04.12-05.10.12:908][  0]LogShaderLibrary: Display: ShaderCodeLibraryPakFileMountedCallback: PakFile 'C:/UE_4.27/FeaturePacks/TP_TwinStick.upack' (chunk index -1, root 'root:/') mounted
[2022.04.12-05.10.12:908][  0]LogShaderLibrary: Display: ShaderCodeLibraryPakFileMountedCallback: pending pak file info (ChunkID:-1 Root:root:/ File:C:/UE_4.27/FeaturePacks/TP_TwinStick.upack)
[2022.04.12-05.10.12:908][  0]LogPakFile: OnPakFileMounted2Time == 0.000038
[2022.04.12-05.10.12:908][  0]LogPakFile: PakFile PrimaryIndexSize=187
[2022.04.12-05.10.12:909][  0]LogPakFile: PakFile PathHashIndexSize=101
[2022.04.12-05.10.12:909][  0]LogPakFile: PakFile FullDirectoryIndexSize=148
[2022.04.12-05.10.12:909][  0]LogShaderLibrary: Display: ShaderCodeLibraryPakFileMountedCallback: PakFile 'C:/UE_4.27/FeaturePacks/TP_TwinStickBP.upack' (chunk index -1, root 'root:/') mounted
[2022.04.12-05.10.12:909][  0]LogShaderLibrary: Display: ShaderCodeLibraryPakFileMountedCallback: pending pak file info (ChunkID:-1 Root:root:/ File:C:/UE_4.27/FeaturePacks/TP_TwinStickBP.upack)
[2022.04.12-05.10.12:909][  0]LogPakFile: OnPakFileMounted2Time == 0.000075
[2022.04.12-05.10.12:909][  0]LogPakFile: PakFile PrimaryIndexSize=183
[2022.04.12-05.10.12:909][  0]LogPakFile: PakFile PathHashIndexSize=101
[2022.04.12-05.10.12:909][  0]LogPakFile: PakFile FullDirectoryIndexSize=140
[2022.04.12-05.10.12:909][  0]LogShaderLibrary: Display: ShaderCodeLibraryPakFileMountedCallback: PakFile 'C:/UE_4.27/FeaturePacks/TP_Vehicle.upack' (chunk index -1, root 'root:/') mounted
[2022.04.12-05.10.12:909][  0]LogShaderLibrary: Display: ShaderCodeLibraryPakFileMountedCallback: pending pak file info (ChunkID:-1 Root:root:/ File:C:/UE_4.27/FeaturePacks/TP_Vehicle.upack)
[2022.04.12-05.10.12:909][  0]LogPakFile: OnPakFileMounted2Time == 0.000037
[2022.04.12-05.10.12:910][  0]LogPakFile: PakFile PrimaryIndexSize=186
[2022.04.12-05.10.12:910][  0]LogPakFile: PakFile PathHashIndexSize=101
[2022.04.12-05.10.12:910][  0]LogPakFile: PakFile FullDirectoryIndexSize=146
[2022.04.12-05.10.12:910][  0]LogShaderLibrary: Display: ShaderCodeLibraryPakFileMountedCallback: PakFile 'C:/UE_4.27/FeaturePacks/TP_VehicleAdv.upack' (chunk index -1, root 'root:/') mounted
[2022.04.12-05.10.12:910][  0]LogShaderLibrary: Display: ShaderCodeLibraryPakFileMountedCallback: pending pak file info (ChunkID:-1 Root:root:/ File:C:/UE_4.27/FeaturePacks/TP_VehicleAdv.upack)
[2022.04.12-05.10.12:910][  0]LogPakFile: OnPakFileMounted2Time == 0.000036
[2022.04.12-05.10.12:911][  0]LogPakFile: PakFile PrimaryIndexSize=188
[2022.04.12-05.10.12:911][  0]LogPakFile: PakFile PathHashIndexSize=101
[2022.04.12-05.10.12:911][  0]LogPakFile: PakFile FullDirectoryIndexSize=150
[2022.04.12-05.10.12:911][  0]LogShaderLibrary: Display: ShaderCodeLibraryPakFileMountedCallback: PakFile 'C:/UE_4.27/FeaturePacks/TP_VehicleAdvBP.upack' (chunk index -1, root 'root:/') mounted
[2022.04.12-05.10.12:911][  0]LogShaderLibrary: Display: ShaderCodeLibraryPakFileMountedCallback: pending pak file info (ChunkID:-1 Root:root:/ File:C:/UE_4.27/FeaturePacks/TP_VehicleAdvBP.upack)
[2022.04.12-05.10.12:911][  0]LogPakFile: OnPakFileMounted2Time == 0.000039
[2022.04.12-05.10.12:911][  0]LogPakFile: PakFile PrimaryIndexSize=185
[2022.04.12-05.10.12:911][  0]LogPakFile: PakFile PathHashIndexSize=101
[2022.04.12-05.10.12:911][  0]LogPakFile: PakFile FullDirectoryIndexSize=144
[2022.04.12-05.10.12:911][  0]LogShaderLibrary: Display: ShaderCodeLibraryPakFileMountedCallback: PakFile 'C:/UE_4.27/FeaturePacks/TP_VehicleBP.upack' (chunk index -1, root 'root:/') mounted
[2022.04.12-05.10.12:911][  0]LogShaderLibrary: Display: ShaderCodeLibraryPakFileMountedCallback: pending pak file info (ChunkID:-1 Root:root:/ File:C:/UE_4.27/FeaturePacks/TP_VehicleBP.upack)
[2022.04.12-05.10.12:911][  0]LogPakFile: OnPakFileMounted2Time == 0.000036
[2022.04.12-05.10.12:912][  0]LogPakFile: PakFile PrimaryIndexSize=192
[2022.04.12-05.10.12:912][  0]LogPakFile: PakFile PathHashIndexSize=101
[2022.04.12-05.10.12:912][  0]LogPakFile: PakFile FullDirectoryIndexSize=158
[2022.04.12-05.10.12:912][  0]LogShaderLibrary: Display: ShaderCodeLibraryPakFileMountedCallback: PakFile 'C:/UE_4.27/FeaturePacks/TP_VirtualRealityBP.upack' (chunk index -1, root 'root:/') mounted
[2022.04.12-05.10.12:912][  0]LogShaderLibrary: Display: ShaderCodeLibraryPakFileMountedCallback: pending pak file info (ChunkID:-1 Root:root:/ File:C:/UE_4.27/FeaturePacks/TP_VirtualRealityBP.upack)
[2022.04.12-05.10.12:912][  0]LogPakFile: OnPakFileMounted2Time == 0.000037
[2022.04.12-05.10.12:989][  0]LogNativeClassHierarchy: Verbose: Native class hierarchy updated for 'AddContentDialog' in 0.0004 seconds. Added 0 classes and 0 folders.
[2022.04.12-05.10.12:990][  0]LogNativeClassHierarchy: Verbose: Native class hierarchy updated for 'SceneOutliner' in 0.0003 seconds. Added 2 classes and 0 folders.
[2022.04.12-05.10.13:494][  0]LogSlate: Only BGRA pngs, bmps or icos are supported in by External Image Picker
[2022.04.12-05.10.13:668][  0]LogSlate: Took 0.000310 seconds to synchronously load lazily loaded font '../../../Engine/Content/Slate/Fonts/Roboto-Regular.ttf' (155K)
[2022.04.12-05.10.13:670][  0]LogSlate: Took 0.000313 seconds to synchronously load lazily loaded font '../../../Engine/Content/Editor/Slate/Fonts/FontAwesome.ttf' (139K)
[2022.04.12-05.10.13:672][  0]LogSlate: Took 0.000260 seconds to synchronously load lazily loaded font '../../../Engine/Content/Slate/Fonts/Roboto-Bold.ttf' (160K)
[2022.04.12-05.10.13:810][  0]LogRenderer: Reallocating scene render targets to support 1616x808 Format 10 NumSamples 1 (Frame:1).
[2022.04.12-05.10.13:951][  0]LogNativeClassHierarchy: Verbose: Native class hierarchy updated for 'HierarchicalLODOutliner' in 0.0004 seconds. Added 0 classes and 0 folders.
[2022.04.12-05.10.13:951][  0]LogInput: Warning: Action Jump uses invalid key OculusGo_Left_Trigger_Click.
[2022.04.12-05.10.13:951][  0]LogInput: Warning: Action ResetVR uses invalid key OculusGo_Left_Trackpad_Click.
[2022.04.12-05.10.13:951][  0]LogInput: Warning: Use -RemoveInvalidKeys to remove instances of these keys from the action mapping.
[2022.04.12-05.10.13:951][  0]LogLoad: (Engine Initialization) Total time: 9.77 seconds
[2022.04.12-05.10.13:951][  0]LogLoad: (Engine Initialization) Total Blueprint compile time: 0.00 seconds
[2022.04.12-05.10.14:020][  0]LogContentStreaming: Texture pool size now 1000 MB
[2022.04.12-05.10.14:109][  1]LogAssetRegistry: Asset discovery search completed in 5.9727 seconds
[2022.04.12-05.10.14:120][  1]LogCollectionManager: Fixed up redirectors for 0 collections in 0.000005 seconds (updated 0 objects)
[2022.04.12-05.28.32:195][773]LogSlate: Window 'Project Settings' being destroyed
[2022.04.12-05.28.32:202][773]LogSlate: Window 'Project Settings' being destroyed
